Started GET "/" for 127.0.0.1 at 2022-06-10 03:05:34 +0500
  [1m[35m (5.0ms)[0m  [1m[34mSELECT "schema_migrations"."version" FROM "schema_migrations" ORDER BY "schema_migrations"."version" ASC[0m
Processing by UrlsController#index as HTML
  Rendering urls/index.html.erb within layouts/application
  Rendered urls/index.html.erb within layouts/application (Duration: 7.6ms | Allocations: 947)
Completed 200 OK in 699ms (Views: 652.5ms | ActiveRecord: 9.6ms | Allocations: 311783)


Started POST "/urls" for 127.0.0.1 at 2022-06-10 03:05:55 +0500
Processing by UrlsController#create as HTML
  Parameters: {"utf8"=>"✓", "authenticity_token"=>"GlV9eXM6d/sBuI13Ou8NohHmuwxtxLjFFeF/VbfL3Lng/IZ9G5J4xLrEex289YIBMyEEG3iz0FlWUMgljT3vAg==", "url"=>{"original_url"=>"https://fullstacklabs.notion.site/Ruby-on-Rails-Coding-Challenge-5d9c09b5edb44fb1bec3aea5c7eb7590"}}
Completed 500 Internal Server Error in 6ms (ActiveRecord: 0.0ms | Allocations: 640)


  
RuntimeError (add some code):
  
app/controllers/urls_controller.rb:15:in `create'
Started POST "/urls" for 127.0.0.1 at 2022-06-10 03:06:29 +0500
Processing by UrlsController#create as HTML
  Parameters: {"utf8"=>"✓", "authenticity_token"=>"GlV9eXM6d/sBuI13Ou8NohHmuwxtxLjFFeF/VbfL3Lng/IZ9G5J4xLrEex289YIBMyEEG3iz0FlWUMgljT3vAg==", "url"=>{"original_url"=>"https://fullstacklabs.notion.site/Ruby-on-Rails-Coding-Challenge-5d9c09b5edb44fb1bec3aea5c7eb7590"}}
Completed 500 Internal Server Error in 439124ms (ActiveRecord: 6.7ms | Allocations: 849108)


  
SystemExit (exit):
  
(byebug):1:in `exit'
(byebug):1:in `create'
app/controllers/urls_controller.rb:16:in `create'
Started POST "/urls" for 127.0.0.1 at 2022-06-10 03:14:05 +0500
Processing by UrlsController#create as HTML
  Parameters: {"utf8"=>"✓", "authenticity_token"=>"GlV9eXM6d/sBuI13Ou8NohHmuwxtxLjFFeF/VbfL3Lng/IZ9G5J4xLrEex289YIBMyEEG3iz0FlWUMgljT3vAg==", "url"=>{"original_url"=>"https://fullstacklabs.notion.site/Ruby-on-Rails-Coding-Challenge-5d9c09b5edb44fb1bec3aea5c7eb7590"}}
  [1m[36mUrl Exists? (3.6ms)[0m  [1m[34mSELECT 1 AS one FROM "urls" WHERE "urls"."short_url" = $1 LIMIT $2[0m  [["short_url", "TOWYJ"], ["LIMIT", 1]]
  ↳ (byebug):1:in `create'
  [1m[36mCACHE Url Exists? (0.0ms)[0m  [1m[34mSELECT 1 AS one FROM "urls" WHERE "urls"."short_url" = $1 LIMIT $2[0m  [["short_url", "TOWYJ"], ["LIMIT", 1]]
  ↳ (byebug):1:in `create'
Completed 500 Internal Server Error in 287608ms (ActiveRecord: 15.1ms | Allocations: 1078192)


  
SystemExit (exit):
  
(byebug):1:in `exit'
(byebug):1:in `create'
app/controllers/urls_controller.rb:20:in `create'
Started POST "/urls" for 127.0.0.1 at 2022-06-10 03:19:21 +0500
Processing by UrlsController#create as HTML
  Parameters: {"utf8"=>"✓", "authenticity_token"=>"GlV9eXM6d/sBuI13Ou8NohHmuwxtxLjFFeF/VbfL3Lng/IZ9G5J4xLrEex289YIBMyEEG3iz0FlWUMgljT3vAg==", "url"=>{"original_url"=>"https://fullstacklabs.notion.site/Ruby-on-Rails-Coding-Challenge-5d9c09b5edb44fb1bec3aea5c7eb7590"}}
  [1m[36mUrl Exists? (1.9ms)[0m  [1m[34mSELECT 1 AS one FROM "urls" WHERE "urls"."short_url" = $1 LIMIT $2[0m  [["short_url", "XDALV"], ["LIMIT", 1]]
  ↳ app/controllers/urls_controller.rb:19:in `create'
  [1m[36mCACHE Url Exists? (0.6ms)[0m  [1m[34mSELECT 1 AS one FROM "urls" WHERE "urls"."short_url" = $1 LIMIT $2[0m  [["short_url", "XDALV"], ["LIMIT", 1]]
  ↳ app/controllers/urls_controller.rb:20:in `create'
  [1m[35m (1.5ms)[0m  [1m[35mBEGIN[0m
  ↳ app/controllers/urls_controller.rb:20:in `create'
  [1m[36mUrl Create (2.6ms)[0m  [1m[32mINSERT INTO "urls" ("created_at", "updated_at", "short_url", "original_url") VALUES ($1, $2, $3, $4) RETURNING "id"[0m  [["created_at", "2022-06-09 22:19:23.908773"], ["updated_at", "2022-06-09 22:19:23.908773"], ["short_url", "XDALV"], ["original_url", "https://fullstacklabs.notion.site/Ruby-on-Rails-Coding-Challenge-5d9c09b5edb44fb1bec3aea5c7eb7590"]]
  ↳ app/controllers/urls_controller.rb:20:in `create'
  [1m[35m (4.7ms)[0m  [1m[35mCOMMIT[0m
  ↳ app/controllers/urls_controller.rb:20:in `create'
Redirected to http://127.0.0.1:3000/
Completed 302 Found in 474ms (ActiveRecord: 22.6ms | Allocations: 2410955)


Started GET "/" for 127.0.0.1 at 2022-06-10 03:19:24 +0500
Processing by UrlsController#index as HTML
  Rendering urls/index.html.erb within layouts/application
  Rendered urls/index.html.erb within layouts/application (Duration: 43.8ms | Allocations: 232055)
Completed 200 OK in 656ms (Views: 603.6ms | ActiveRecord: 0.0ms | Allocations: 3128091)


Started POST "/urls" for 127.0.0.1 at 2022-06-10 03:19:45 +0500
Processing by UrlsController#create as HTML
  Parameters: {"utf8"=>"✓", "authenticity_token"=>"ULDYk0PgfWBtwEFb2lEnTrKhg9yTPRpAra2nYL3fPkmqGSOXK0hyX9a8tzFcS6jtkGY8y4ZKctzuHBAQhykN8g==", "url"=>{"original_url"=>"ullstacklabs.notion.site/Ruby-on-Rails-Coding-Challenge-5d9c09b5edb44fb1bec3aea5c7eb7590"}}
  [1m[36mUrl Exists? (4.9ms)[0m  [1m[34mSELECT 1 AS one FROM "urls" WHERE "urls"."short_url" = $1 LIMIT $2[0m  [["short_url", "JNSYV"], ["LIMIT", 1]]
  ↳ app/controllers/urls_controller.rb:19:in `create'
Redirected to http://127.0.0.1:3000/
Completed 302 Found in 184ms (ActiveRecord: 4.9ms | Allocations: 691249)


Started GET "/" for 127.0.0.1 at 2022-06-10 03:19:45 +0500
Processing by UrlsController#index as HTML
  Rendering urls/index.html.erb within layouts/application
  Rendered urls/index.html.erb within layouts/application (Duration: 35.9ms | Allocations: 183921)
Completed 200 OK in 706ms (Views: 643.1ms | ActiveRecord: 0.0ms | Allocations: 3041698)


Started GET "/" for 127.0.0.1 at 2022-06-10 03:20:26 +0500
Processing by UrlsController#index as HTML
  [1m[36mUrl Load (4.0ms)[0m  [1m[34mSELECT "urls".* FROM "urls" ORDER BY "urls"."id" DESC LIMIT $1[0m  [["LIMIT", 10]]
  ↳ app/controllers/urls_controller.rb:7:in `index'
  Rendering urls/index.html.erb within layouts/application
  Rendered urls/index.html.erb within layouts/application (Duration: 56.1ms | Allocations: 348371)
Completed 200 OK in 858ms (Views: 547.6ms | ActiveRecord: 15.2ms | Allocations: 4474308)


Started GET "/" for 127.0.0.1 at 2022-06-10 03:22:41 +0500
Processing by UrlsController#index as HTML
  [1m[36mUrl Load (1.3ms)[0m  [1m[34mSELECT "urls".* FROM "urls" ORDER BY "urls"."id" DESC LIMIT $1[0m  [["LIMIT", 10]]
  ↳ app/controllers/urls_controller.rb:7:in `index'
  Rendering urls/index.html.erb within layouts/application
  Rendered urls/index.html.erb within layouts/application (Duration: 129.7ms | Allocations: 657386)
Completed 200 OK in 804ms (Views: 690.0ms | ActiveRecord: 1.3ms | Allocations: 4366594)


Started GET "/XDALV" for 127.0.0.1 at 2022-06-10 03:24:07 +0500
Processing by UrlsController#visit as HTML
  Parameters: {"short_url"=>"XDALV"}
Started GET "/XDALV" for 127.0.0.1 at 2022-06-10 03:28:42 +0500
Completed 500 Internal Server Error in 271754ms (ActiveRecord: 0.0ms | Allocations: 658987)


  
SystemExit (exit):
  
(byebug):1:in `exit'
(byebug):1:in `visit'
app/controllers/urls_controller.rb:62:in `visit'
Processing by UrlsController#visit as HTML
Started GET "/XDALV" for 127.0.0.1 at 2022-06-10 03:28:58 +0500
  Parameters: {"short_url"=>"XDALV"}
  [1m[36mUrl Load (10.7ms)[0m  [1m[34mSELECT "urls".* FROM "urls" WHERE "urls"."short_url" = $1 LIMIT $2[0m  [["short_url", "XDALV"], ["LIMIT", 1]]
  ↳ app/controllers/urls_controller.rb:61:in `visit'
Completed 500 Internal Server Error in 635ms (ActiveRecord: 254.1ms | Allocations: 3073065)


  
ArgumentError (wrong number of arguments (given 1, expected 2)):
  
app/controllers/urls_controller.rb:63:in `visit'
Processing by UrlsController#visit as HTML
  Parameters: {"short_url"=>"XDALV"}
  [1m[36mUrl Load (404.8ms)[0m  [1m[34mSELECT "urls".* FROM "urls" WHERE "urls"."short_url" = $1 LIMIT $2[0m  [["short_url", "XDALV"], ["LIMIT", 1]]
  ↳ app/controllers/urls_controller.rb:61:in `visit'
Completed 500 Internal Server Error in 1540ms (ActiveRecord: 568.4ms | Allocations: 8505073)


  
ArgumentError (wrong number of arguments (given 1, expected 2)):
  
app/controllers/urls_controller.rb:63:in `visit'
Started GET "/XDALV" for 127.0.0.1 at 2022-06-10 03:29:56 +0500
  [1m[35m (1.0ms)[0m  [1m[34mSELECT "schema_migrations"."version" FROM "schema_migrations" ORDER BY "schema_migrations"."version" ASC[0m
Processing by UrlsController#visit as HTML
  Parameters: {"short_url"=>"XDALV"}
  [1m[36mUrl Load (1.2ms)[0m  [1m[34mSELECT "urls".* FROM "urls" WHERE "urls"."short_url" = $1 LIMIT $2[0m  [["short_url", "XDALV"], ["LIMIT", 1]]
  ↳ app/controllers/urls_controller.rb:61:in `visit'
DEPRECATION WARNING: update_attributes is deprecated and will be removed from Rails 6.1 (please, use update instead) (called from visit at /home/oby/Documents/Work/FSL/hey-url-challenge-code/app/controllers/urls_controller.rb:63)
  [1m[35m (0.2ms)[0m  [1m[35mBEGIN[0m
  ↳ app/controllers/urls_controller.rb:63:in `visit'
  [1m[36mUrl Exists? (0.6ms)[0m  [1m[34mSELECT 1 AS one FROM "urls" WHERE "urls"."short_url" = $1 AND "urls"."id" != $2 LIMIT $3[0m  [["short_url", "1"], ["id", 32], ["LIMIT", 1]]
  ↳ app/controllers/urls_controller.rb:63:in `visit'
  [1m[36mUrl Update (1.3ms)[0m  [1m[33mUPDATE "urls" SET "short_url" = $1, "updated_at" = $2 WHERE "urls"."id" = $3[0m  [["short_url", "1"], ["updated_at", "2022-06-09 22:29:56.701988"], ["id", 32]]
  ↳ app/controllers/urls_controller.rb:63:in `visit'
  [1m[35m (4.9ms)[0m  [1m[35mCOMMIT[0m
  ↳ app/controllers/urls_controller.rb:63:in `visit'
  [1m[35m (0.2ms)[0m  [1m[35mBEGIN[0m
  ↳ app/controllers/urls_controller.rb:64:in `visit'
  [1m[36mUrl Load (0.9ms)[0m  [1m[34mSELECT "urls".* FROM "urls" WHERE "urls"."id" = $1 LIMIT $2[0m  [["id", 32], ["LIMIT", 1]]
  ↳ app/controllers/urls_controller.rb:64:in `visit'
  [1m[36mClick Create (2.9ms)[0m  [1m[32mINSERT INTO "clicks" ("created_at", "updated_at", "url_id", "browser", "platform") VALUES ($1, $2, $3, $4, $5) RETURNING "id"[0m  [["created_at", "2022-06-09 22:29:56.774067"], ["updated_at", "2022-06-09 22:29:56.774067"], ["url_id", 32], ["browser", "Firefox"], ["platform", "Generic Linux"]]
  ↳ app/controllers/urls_controller.rb:64:in `visit'
  [1m[35m (0.8ms)[0m  [1m[35mCOMMIT[0m
  ↳ app/controllers/urls_controller.rb:64:in `visit'
Redirected to https://fullstacklabs.notion.site/Ruby-on-Rails-Coding-Challenge-5d9c09b5edb44fb1bec3aea5c7eb7590
Completed 302 Found in 148ms (ActiveRecord: 29.9ms | Allocations: 20616)


  [1m[36mClick Load (1.3ms)[0m  [1m[34mSELECT "clicks".* FROM "clicks" ORDER BY "clicks"."id" DESC LIMIT $1[0m  [["LIMIT", 1]]
Started GET "/" for 127.0.0.1 at 2022-06-10 03:30:30 +0500
Processing by UrlsController#index as HTML
  [1m[36mUrl Load (4.3ms)[0m  [1m[34mSELECT "urls".* FROM "urls" ORDER BY "urls"."id" DESC LIMIT $1[0m  [["LIMIT", 10]]
  ↳ app/controllers/urls_controller.rb:7:in `index'
  Rendering urls/index.html.erb within layouts/application
  Rendered urls/index.html.erb within layouts/application (Duration: 24.8ms | Allocations: 1349)
Completed 200 OK in 625ms (Views: 579.2ms | ActiveRecord: 4.3ms | Allocations: 290734)


Started GET "/" for 127.0.0.1 at 2022-06-10 03:30:37 +0500
Processing by UrlsController#index as HTML
  [1m[36mUrl Load (1.8ms)[0m  [1m[34mSELECT "urls".* FROM "urls" ORDER BY "urls"."id" DESC LIMIT $1[0m  [["LIMIT", 10]]
  ↳ app/controllers/urls_controller.rb:7:in `index'
  Rendering urls/index.html.erb within layouts/application
  Rendered urls/index.html.erb within layouts/application (Duration: 1.5ms | Allocations: 661)
Completed 200 OK in 28ms (Views: 17.7ms | ActiveRecord: 1.8ms | Allocations: 11607)


  [1m[36mUrl Load (1.4ms)[0m  [1m[34mSELECT "urls".* FROM "urls" WHERE "urls"."id" = $1 LIMIT $2[0m  [["id", 32], ["LIMIT", 1]]
  [1m[36mUrl Load (0.9ms)[0m  [1m[34mSELECT "urls".* FROM "urls" WHERE "urls"."id" = $1 LIMIT $2[0m  [["id", 32], ["LIMIT", 1]]
  [1m[36mUrl Load (0.4ms)[0m  [1m[34mSELECT "urls".* FROM "urls" WHERE "urls"."id" = $1 LIMIT $2[0m  [["id", 32], ["LIMIT", 1]]
  [1m[35m (0.1ms)[0m  [1m[35mBEGIN[0m
  [1m[36mUrl Destroy (2.2ms)[0m  [1m[31mDELETE FROM "urls" WHERE "urls"."id" = $1[0m  [["id", 32]]
  [1m[35m (1.1ms)[0m  [1m[31mROLLBACK[0m
  [1m[36mClick Load (0.4ms)[0m  [1m[34mSELECT "clicks".* FROM "clicks" ORDER BY "clicks"."id" DESC LIMIT $1[0m  [["LIMIT", 1]]
  [1m[36mClick Load (0.3ms)[0m  [1m[34mSELECT "clicks".* FROM "clicks" ORDER BY "clicks"."id" DESC LIMIT $1[0m  [["LIMIT", 1]]
  [1m[35m (0.1ms)[0m  [1m[35mBEGIN[0m
  [1m[36mClick Destroy (0.2ms)[0m  [1m[31mDELETE FROM "clicks" WHERE "clicks"."id" = $1[0m  [["id", 39]]
  [1m[35m (0.8ms)[0m  [1m[35mCOMMIT[0m
  [1m[36mUrl Load (0.3ms)[0m  [1m[34mSELECT "urls".* FROM "urls" WHERE "urls"."id" = $1 LIMIT $2[0m  [["id", 32], ["LIMIT", 1]]
  [1m[35m (0.1ms)[0m  [1m[35mBEGIN[0m
  [1m[36mUrl Destroy (0.4ms)[0m  [1m[31mDELETE FROM "urls" WHERE "urls"."id" = $1[0m  [["id", 32]]
  [1m[35m (0.8ms)[0m  [1m[35mCOMMIT[0m
Started GET "/" for 127.0.0.1 at 2022-06-10 03:32:05 +0500
Processing by UrlsController#index as HTML
  [1m[36mUrl Load (0.4ms)[0m  [1m[34mSELECT "urls".* FROM "urls" ORDER BY "urls"."id" DESC LIMIT $1[0m  [["LIMIT", 10]]
  ↳ app/controllers/urls_controller.rb:7:in `index'
  Rendering urls/index.html.erb within layouts/application
  Rendered urls/index.html.erb within layouts/application (Duration: 3.4ms | Allocations: 720)
Completed 200 OK in 107ms (Views: 26.9ms | ActiveRecord: 6.9ms | Allocations: 15688)


Started GET "/GDMKQ" for 127.0.0.1 at 2022-06-10 03:32:09 +0500
Processing by UrlsController#visit as HTML
  Parameters: {"short_url"=>"GDMKQ"}
  [1m[36mUrl Load (2.6ms)[0m  [1m[34mSELECT "urls".* FROM "urls" WHERE "urls"."short_url" = $1 LIMIT $2[0m  [["short_url", "GDMKQ"], ["LIMIT", 1]]
  ↳ app/controllers/urls_controller.rb:61:in `visit'
DEPRECATION WARNING: update_attributes is deprecated and will be removed from Rails 6.1 (please, use update instead) (called from visit at /home/oby/Documents/Work/FSL/hey-url-challenge-code/app/controllers/urls_controller.rb:63)
  [1m[35m (0.3ms)[0m  [1m[35mBEGIN[0m
  ↳ app/controllers/urls_controller.rb:63:in `visit'
  [1m[36mUrl Exists? (1.7ms)[0m  [1m[34mSELECT 1 AS one FROM "urls" WHERE "urls"."short_url" = $1 AND "urls"."id" != $2 LIMIT $3[0m  [["short_url", "GDMKQ"], ["id", 31], ["LIMIT", 1]]
  ↳ app/controllers/urls_controller.rb:63:in `visit'
  [1m[36mUrl Update (0.7ms)[0m  [1m[33mUPDATE "urls" SET "clicks_count" = $1, "updated_at" = $2 WHERE "urls"."id" = $3[0m  [["clicks_count", 1], ["updated_at", "2022-06-09 22:32:09.296861"], ["id", 31]]
  ↳ app/controllers/urls_controller.rb:63:in `visit'
  [1m[35m (0.9ms)[0m  [1m[35mCOMMIT[0m
  ↳ app/controllers/urls_controller.rb:63:in `visit'
  [1m[35m (0.4ms)[0m  [1m[35mBEGIN[0m
  ↳ app/controllers/urls_controller.rb:64:in `visit'
  [1m[36mUrl Load (2.2ms)[0m  [1m[34mSELECT "urls".* FROM "urls" WHERE "urls"."id" = $1 LIMIT $2[0m  [["id", 31], ["LIMIT", 1]]
  ↳ app/controllers/urls_controller.rb:64:in `visit'
  [1m[36mClick Create (1.0ms)[0m  [1m[32mINSERT INTO "clicks" ("created_at", "updated_at", "url_id", "browser", "platform") VALUES ($1, $2, $3, $4, $5) RETURNING "id"[0m  [["created_at", "2022-06-09 22:32:09.341414"], ["updated_at", "2022-06-09 22:32:09.341414"], ["url_id", 31], ["browser", "Firefox"], ["platform", "Generic Linux"]]
  ↳ app/controllers/urls_controller.rb:64:in `visit'
  [1m[35m (1.0ms)[0m  [1m[35mCOMMIT[0m
  ↳ app/controllers/urls_controller.rb:64:in `visit'
Redirected to https://fullstacklabs.notion.site/Ruby-on-Rails-Coding-Challenge-5d9c09b5edb44fb1bec3aea5c7eb7590
Completed 302 Found in 81ms (ActiveRecord: 15.7ms | Allocations: 13042)


Started GET "/" for 127.0.0.1 at 2022-06-10 03:32:12 +0500
Processing by UrlsController#index as HTML
  [1m[36mUrl Load (0.5ms)[0m  [1m[34mSELECT "urls".* FROM "urls" ORDER BY "urls"."id" DESC LIMIT $1[0m  [["LIMIT", 10]]
  ↳ app/controllers/urls_controller.rb:7:in `index'
  Rendering urls/index.html.erb within layouts/application
  Rendered urls/index.html.erb within layouts/application (Duration: 3.5ms | Allocations: 653)
Completed 200 OK in 32ms (Views: 24.5ms | ActiveRecord: 0.5ms | Allocations: 11571)


Started GET "/GDMKQ" for 127.0.0.1 at 2022-06-10 03:32:15 +0500
Processing by UrlsController#visit as HTML
  Parameters: {"short_url"=>"GDMKQ"}
  [1m[36mUrl Load (0.6ms)[0m  [1m[34mSELECT "urls".* FROM "urls" WHERE "urls"."short_url" = $1 LIMIT $2[0m  [["short_url", "GDMKQ"], ["LIMIT", 1]]
  ↳ app/controllers/urls_controller.rb:61:in `visit'
DEPRECATION WARNING: update_attributes is deprecated and will be removed from Rails 6.1 (please, use update instead) (called from visit at /home/oby/Documents/Work/FSL/hey-url-challenge-code/app/controllers/urls_controller.rb:63)
  [1m[35m (1.0ms)[0m  [1m[35mBEGIN[0m
  ↳ app/controllers/urls_controller.rb:63:in `visit'
  [1m[36mUrl Exists? (0.5ms)[0m  [1m[34mSELECT 1 AS one FROM "urls" WHERE "urls"."short_url" = $1 AND "urls"."id" != $2 LIMIT $3[0m  [["short_url", "GDMKQ"], ["id", 31], ["LIMIT", 1]]
  ↳ app/controllers/urls_controller.rb:63:in `visit'
  [1m[36mUrl Update (0.7ms)[0m  [1m[33mUPDATE "urls" SET "clicks_count" = $1, "updated_at" = $2 WHERE "urls"."id" = $3[0m  [["clicks_count", 2], ["updated_at", "2022-06-09 22:32:15.789282"], ["id", 31]]
  ↳ app/controllers/urls_controller.rb:63:in `visit'
  [1m[35m (0.9ms)[0m  [1m[35mCOMMIT[0m
  ↳ app/controllers/urls_controller.rb:63:in `visit'
  [1m[35m (0.4ms)[0m  [1m[35mBEGIN[0m
  ↳ app/controllers/urls_controller.rb:64:in `visit'
  [1m[36mUrl Load (0.3ms)[0m  [1m[34mSELECT "urls".* FROM "urls" WHERE "urls"."id" = $1 LIMIT $2[0m  [["id", 31], ["LIMIT", 1]]
  ↳ app/controllers/urls_controller.rb:64:in `visit'
  [1m[36mClick Create (0.6ms)[0m  [1m[32mINSERT INTO "clicks" ("created_at", "updated_at", "url_id", "browser", "platform") VALUES ($1, $2, $3, $4, $5) RETURNING "id"[0m  [["created_at", "2022-06-09 22:32:15.806218"], ["updated_at", "2022-06-09 22:32:15.806218"], ["url_id", 31], ["browser", "Firefox"], ["platform", "Generic Linux"]]
  ↳ app/controllers/urls_controller.rb:64:in `visit'
  [1m[35m (1.0ms)[0m  [1m[35mCOMMIT[0m
  ↳ app/controllers/urls_controller.rb:64:in `visit'
Redirected to https://fullstacklabs.notion.site/Ruby-on-Rails-Coding-Challenge-5d9c09b5edb44fb1bec3aea5c7eb7590
Completed 302 Found in 38ms (ActiveRecord: 6.0ms | Allocations: 8266)


Started GET "/" for 127.0.0.1 at 2022-06-10 03:32:18 +0500
Processing by UrlsController#index as HTML
  [1m[36mUrl Load (1.7ms)[0m  [1m[34mSELECT "urls".* FROM "urls" ORDER BY "urls"."id" DESC LIMIT $1[0m  [["LIMIT", 10]]
  ↳ app/controllers/urls_controller.rb:7:in `index'
  Rendering urls/index.html.erb within layouts/application
  Rendered urls/index.html.erb within layouts/application (Duration: 3.6ms | Allocations: 654)
Completed 200 OK in 51ms (Views: 40.6ms | ActiveRecord: 1.7ms | Allocations: 11623)


Started GET "/" for 127.0.0.1 at 2022-06-10 03:32:20 +0500
Processing by UrlsController#index as HTML
  [1m[36mUrl Load (1.7ms)[0m  [1m[34mSELECT "urls".* FROM "urls" ORDER BY "urls"."id" DESC LIMIT $1[0m  [["LIMIT", 10]]
  ↳ app/controllers/urls_controller.rb:7:in `index'
  Rendering urls/index.html.erb within layouts/application
  Rendered urls/index.html.erb within layouts/application (Duration: 2.5ms | Allocations: 653)
Completed 200 OK in 26ms (Views: 19.9ms | ActiveRecord: 1.7ms | Allocations: 11573)


Started GET "/urls/UNVZQ" for 127.0.0.1 at 2022-06-10 03:32:35 +0500
Processing by UrlsController#show as HTML
  Parameters: {"url"=>"UNVZQ"}
  Rendering urls/show.html.erb within layouts/application
  Rendered urls/show.html.erb within layouts/application (Duration: 3.4ms | Allocations: 815)
Completed 200 OK in 41ms (Views: 39.3ms | ActiveRecord: 0.0ms | Allocations: 11147)


Started GET "/urls/UNVZQ" for 127.0.0.1 at 2022-06-10 03:33:04 +0500
Processing by UrlsController#show as HTML
  Parameters: {"url"=>"UNVZQ"}
Completed 500 Internal Server Error in 95288ms (ActiveRecord: 0.0ms | Allocations: 187786)


  
SystemExit (exit):
  
(byebug):1:in `exit'
(byebug):1:in `show'
app/controllers/urls_controller.rb:33:in `show'
Started GET "/" for 127.0.0.1 at 2022-06-10 03:34:49 +0500
Processing by UrlsController#index as HTML
  [1m[36mUrl Load (1.7ms)[0m  [1m[34mSELECT "urls".* FROM "urls" ORDER BY "urls"."id" DESC LIMIT $1[0m  [["LIMIT", 10]]
  ↳ app/controllers/urls_controller.rb:7:in `index'
  Rendering urls/index.html.erb within layouts/application
  Rendered urls/index.html.erb within layouts/application (Duration: 116.6ms | Allocations: 406346)
Completed 200 OK in 827ms (Views: 558.3ms | ActiveRecord: 11.1ms | Allocations: 3297465)


Started GET "/UNVZQ" for 127.0.0.1 at 2022-06-10 03:35:03 +0500
Processing by UrlsController#visit as HTML
  Parameters: {"short_url"=>"UNVZQ"}
  [1m[36mUrl Load (2.5ms)[0m  [1m[34mSELECT "urls".* FROM "urls" WHERE "urls"."short_url" = $1 LIMIT $2[0m  [["short_url", "UNVZQ"], ["LIMIT", 1]]
  ↳ app/controllers/urls_controller.rb:52:in `visit'
DEPRECATION WARNING: update_attributes is deprecated and will be removed from Rails 6.1 (please, use update instead) (called from visit at /home/oby/Documents/Work/FSL/hey-url-challenge-code/app/controllers/urls_controller.rb:54)
  [1m[35m (1.5ms)[0m  [1m[35mBEGIN[0m
  ↳ app/controllers/urls_controller.rb:54:in `visit'
  [1m[36mUrl Exists? (5.2ms)[0m  [1m[34mSELECT 1 AS one FROM "urls" WHERE "urls"."short_url" = $1 AND "urls"."id" != $2 LIMIT $3[0m  [["short_url", "UNVZQ"], ["id", 22], ["LIMIT", 1]]
  ↳ app/controllers/urls_controller.rb:54:in `visit'
  [1m[36mUrl Update (2.6ms)[0m  [1m[33mUPDATE "urls" SET "clicks_count" = $1, "updated_at" = $2 WHERE "urls"."id" = $3[0m  [["clicks_count", 6], ["updated_at", "2022-06-09 22:35:04.067736"], ["id", 22]]
  ↳ app/controllers/urls_controller.rb:54:in `visit'
  [1m[35m (2.5ms)[0m  [1m[35mCOMMIT[0m
  ↳ app/controllers/urls_controller.rb:54:in `visit'
  [1m[35m (4.1ms)[0m  [1m[35mBEGIN[0m
  ↳ app/controllers/urls_controller.rb:55:in `visit'
  [1m[36mUrl Load (5.1ms)[0m  [1m[34mSELECT "urls".* FROM "urls" WHERE "urls"."id" = $1 LIMIT $2[0m  [["id", 22], ["LIMIT", 1]]
  ↳ app/controllers/urls_controller.rb:55:in `visit'
  [1m[36mClick Create (1.6ms)[0m  [1m[32mINSERT INTO "clicks" ("created_at", "updated_at", "url_id", "browser", "platform") VALUES ($1, $2, $3, $4, $5) RETURNING "id"[0m  [["created_at", "2022-06-09 22:35:04.561025"], ["updated_at", "2022-06-09 22:35:04.561025"], ["url_id", 22], ["browser", "Firefox"], ["platform", "Generic Linux"]]
  ↳ app/controllers/urls_controller.rb:55:in `visit'
  [1m[35m (4.4ms)[0m  [1m[35mCOMMIT[0m
  ↳ app/controllers/urls_controller.rb:55:in `visit'
Redirected to https://fullstacklabs.notion.site/Ruby-on-Rails-Coding-Challenge-5d9c09b5edb44fb1bec3aea5c7eb7590
Completed 302 Found in 774ms (ActiveRecord: 39.9ms | Allocations: 2833676)


Started GET "/" for 127.0.0.1 at 2022-06-10 03:35:07 +0500
Processing by UrlsController#index as HTML
  [1m[36mUrl Load (2.6ms)[0m  [1m[34mSELECT "urls".* FROM "urls" ORDER BY "urls"."id" DESC LIMIT $1[0m  [["LIMIT", 10]]
  ↳ app/controllers/urls_controller.rb:7:in `index'
  Rendering urls/index.html.erb within layouts/application
  Rendered urls/index.html.erb within layouts/application (Duration: 130.3ms | Allocations: 448686)
Completed 200 OK in 774ms (Views: 676.7ms | ActiveRecord: 2.6ms | Allocations: 3057522)


Started GET "/GDMKQ" for 127.0.0.1 at 2022-06-10 03:35:13 +0500
Processing by UrlsController#visit as HTML
  Parameters: {"short_url"=>"GDMKQ"}
  [1m[36mUrl Load (5.2ms)[0m  [1m[34mSELECT "urls".* FROM "urls" WHERE "urls"."short_url" = $1 LIMIT $2[0m  [["short_url", "GDMKQ"], ["LIMIT", 1]]
  ↳ app/controllers/urls_controller.rb:52:in `visit'
DEPRECATION WARNING: update_attributes is deprecated and will be removed from Rails 6.1 (please, use update instead) (called from visit at /home/oby/Documents/Work/FSL/hey-url-challenge-code/app/controllers/urls_controller.rb:54)
  [1m[35m (4.0ms)[0m  [1m[35mBEGIN[0m
  ↳ app/controllers/urls_controller.rb:54:in `visit'
  [1m[36mUrl Exists? (5.5ms)[0m  [1m[34mSELECT 1 AS one FROM "urls" WHERE "urls"."short_url" = $1 AND "urls"."id" != $2 LIMIT $3[0m  [["short_url", "GDMKQ"], ["id", 31], ["LIMIT", 1]]
  ↳ app/controllers/urls_controller.rb:54:in `visit'
  [1m[36mUrl Update (5.5ms)[0m  [1m[33mUPDATE "urls" SET "clicks_count" = $1, "updated_at" = $2 WHERE "urls"."id" = $3[0m  [["clicks_count", 3], ["updated_at", "2022-06-09 22:35:13.843362"], ["id", 31]]
  ↳ app/controllers/urls_controller.rb:54:in `visit'
  [1m[35m (10.8ms)[0m  [1m[35mCOMMIT[0m
  ↳ app/controllers/urls_controller.rb:54:in `visit'
  [1m[35m (10.5ms)[0m  [1m[35mBEGIN[0m
  ↳ app/controllers/urls_controller.rb:55:in `visit'
  [1m[36mUrl Load (6.6ms)[0m  [1m[34mSELECT "urls".* FROM "urls" WHERE "urls"."id" = $1 LIMIT $2[0m  [["id", 31], ["LIMIT", 1]]
  ↳ app/controllers/urls_controller.rb:55:in `visit'
  [1m[36mClick Create (5.2ms)[0m  [1m[32mINSERT INTO "clicks" ("created_at", "updated_at", "url_id", "browser", "platform") VALUES ($1, $2, $3, $4, $5) RETURNING "id"[0m  [["created_at", "2022-06-09 22:35:14.090827"], ["updated_at", "2022-06-09 22:35:14.090827"], ["url_id", 31], ["browser", "Firefox"], ["platform", "Generic Linux"]]
  ↳ app/controllers/urls_controller.rb:55:in `visit'
  [1m[35m (3.6ms)[0m  [1m[35mCOMMIT[0m
  ↳ app/controllers/urls_controller.rb:55:in `visit'
Redirected to https://fullstacklabs.notion.site/Ruby-on-Rails-Coding-Challenge-5d9c09b5edb44fb1bec3aea5c7eb7590
Completed 302 Found in 590ms (ActiveRecord: 56.8ms | Allocations: 2247976)


Started GET "/GDMKQ" for 127.0.0.1 at 2022-06-10 03:35:16 +0500
Processing by UrlsController#visit as HTML
  Parameters: {"short_url"=>"GDMKQ"}
  [1m[36mUrl Load (5.7ms)[0m  [1m[34mSELECT "urls".* FROM "urls" WHERE "urls"."short_url" = $1 LIMIT $2[0m  [["short_url", "GDMKQ"], ["LIMIT", 1]]
  ↳ app/controllers/urls_controller.rb:52:in `visit'
DEPRECATION WARNING: update_attributes is deprecated and will be removed from Rails 6.1 (please, use update instead) (called from visit at /home/oby/Documents/Work/FSL/hey-url-challenge-code/app/controllers/urls_controller.rb:54)
  [1m[35m (4.6ms)[0m  [1m[35mBEGIN[0m
  ↳ app/controllers/urls_controller.rb:54:in `visit'
  [1m[36mUrl Exists? (3.5ms)[0m  [1m[34mSELECT 1 AS one FROM "urls" WHERE "urls"."short_url" = $1 AND "urls"."id" != $2 LIMIT $3[0m  [["short_url", "GDMKQ"], ["id", 31], ["LIMIT", 1]]
  ↳ app/controllers/urls_controller.rb:54:in `visit'
  [1m[36mUrl Update (2.7ms)[0m  [1m[33mUPDATE "urls" SET "clicks_count" = $1, "updated_at" = $2 WHERE "urls"."id" = $3[0m  [["clicks_count", 4], ["updated_at", "2022-06-09 22:35:16.357793"], ["id", 31]]
  ↳ app/controllers/urls_controller.rb:54:in `visit'
  [1m[35m (4.5ms)[0m  [1m[35mCOMMIT[0m
  ↳ app/controllers/urls_controller.rb:54:in `visit'
  [1m[35m (6.7ms)[0m  [1m[35mBEGIN[0m
  ↳ app/controllers/urls_controller.rb:55:in `visit'
  [1m[36mUrl Load (2.3ms)[0m  [1m[34mSELECT "urls".* FROM "urls" WHERE "urls"."id" = $1 LIMIT $2[0m  [["id", 31], ["LIMIT", 1]]
  ↳ app/controllers/urls_controller.rb:55:in `visit'
  [1m[36mClick Create (2.4ms)[0m  [1m[32mINSERT INTO "clicks" ("created_at", "updated_at", "url_id", "browser", "platform") VALUES ($1, $2, $3, $4, $5) RETURNING "id"[0m  [["created_at", "2022-06-09 22:35:16.672019"], ["updated_at", "2022-06-09 22:35:16.672019"], ["url_id", 31], ["browser", "Firefox"], ["platform", "Generic Linux"]]
  ↳ app/controllers/urls_controller.rb:55:in `visit'
  [1m[35m (4.8ms)[0m  [1m[35mCOMMIT[0m
  ↳ app/controllers/urls_controller.rb:55:in `visit'
Redirected to https://fullstacklabs.notion.site/Ruby-on-Rails-Coding-Challenge-5d9c09b5edb44fb1bec3aea5c7eb7590
Completed 302 Found in 682ms (ActiveRecord: 37.2ms | Allocations: 2247446)


Started GET "/GDMKQ" for 127.0.0.1 at 2022-06-10 03:35:21 +0500
Processing by UrlsController#visit as HTML
  Parameters: {"short_url"=>"GDMKQ"}
  [1m[36mUrl Load (4.7ms)[0m  [1m[34mSELECT "urls".* FROM "urls" WHERE "urls"."short_url" = $1 LIMIT $2[0m  [["short_url", "GDMKQ"], ["LIMIT", 1]]
  ↳ app/controllers/urls_controller.rb:52:in `visit'
DEPRECATION WARNING: update_attributes is deprecated and will be removed from Rails 6.1 (please, use update instead) (called from visit at /home/oby/Documents/Work/FSL/hey-url-challenge-code/app/controllers/urls_controller.rb:54)
  [1m[35m (5.7ms)[0m  [1m[35mBEGIN[0m
  ↳ app/controllers/urls_controller.rb:54:in `visit'
  [1m[36mUrl Exists? (3.2ms)[0m  [1m[34mSELECT 1 AS one FROM "urls" WHERE "urls"."short_url" = $1 AND "urls"."id" != $2 LIMIT $3[0m  [["short_url", "GDMKQ"], ["id", 31], ["LIMIT", 1]]
  ↳ app/controllers/urls_controller.rb:54:in `visit'
  [1m[36mUrl Update (2.5ms)[0m  [1m[33mUPDATE "urls" SET "clicks_count" = $1, "updated_at" = $2 WHERE "urls"."id" = $3[0m  [["clicks_count", 5], ["updated_at", "2022-06-09 22:35:21.973606"], ["id", 31]]
  ↳ app/controllers/urls_controller.rb:54:in `visit'
  [1m[35m (5.3ms)[0m  [1m[35mCOMMIT[0m
  ↳ app/controllers/urls_controller.rb:54:in `visit'
  [1m[35m (6.3ms)[0m  [1m[35mBEGIN[0m
  ↳ app/controllers/urls_controller.rb:55:in `visit'
  [1m[36mUrl Load (4.9ms)[0m  [1m[34mSELECT "urls".* FROM "urls" WHERE "urls"."id" = $1 LIMIT $2[0m  [["id", 31], ["LIMIT", 1]]
  ↳ app/controllers/urls_controller.rb:55:in `visit'
  [1m[36mClick Create (6.6ms)[0m  [1m[32mINSERT INTO "clicks" ("created_at", "updated_at", "url_id", "browser", "platform") VALUES ($1, $2, $3, $4, $5) RETURNING "id"[0m  [["created_at", "2022-06-09 22:35:22.209818"], ["updated_at", "2022-06-09 22:35:22.209818"], ["url_id", 31], ["browser", "Firefox"], ["platform", "Generic Linux"]]
  ↳ app/controllers/urls_controller.rb:55:in `visit'
  [1m[35m (2.4ms)[0m  [1m[35mCOMMIT[0m
  ↳ app/controllers/urls_controller.rb:55:in `visit'
Redirected to https://fullstacklabs.notion.site/Ruby-on-Rails-Coding-Challenge-5d9c09b5edb44fb1bec3aea5c7eb7590
Completed 302 Found in 571ms (ActiveRecord: 41.7ms | Allocations: 2247974)


Started GET "/GDMKQ" for 127.0.0.1 at 2022-06-10 03:35:27 +0500
Processing by UrlsController#visit as HTML
  Parameters: {"short_url"=>"GDMKQ"}
  [1m[36mUrl Load (3.4ms)[0m  [1m[34mSELECT "urls".* FROM "urls" WHERE "urls"."short_url" = $1 LIMIT $2[0m  [["short_url", "GDMKQ"], ["LIMIT", 1]]
  ↳ app/controllers/urls_controller.rb:52:in `visit'
DEPRECATION WARNING: update_attributes is deprecated and will be removed from Rails 6.1 (please, use update instead) (called from visit at /home/oby/Documents/Work/FSL/hey-url-challenge-code/app/controllers/urls_controller.rb:54)
  [1m[35m (1.0ms)[0m  [1m[35mBEGIN[0m
  ↳ app/controllers/urls_controller.rb:54:in `visit'
  [1m[36mUrl Exists? (2.8ms)[0m  [1m[34mSELECT 1 AS one FROM "urls" WHERE "urls"."short_url" = $1 AND "urls"."id" != $2 LIMIT $3[0m  [["short_url", "GDMKQ"], ["id", 31], ["LIMIT", 1]]
  ↳ app/controllers/urls_controller.rb:54:in `visit'
  [1m[36mUrl Update (5.5ms)[0m  [1m[33mUPDATE "urls" SET "clicks_count" = $1, "updated_at" = $2 WHERE "urls"."id" = $3[0m  [["clicks_count", 6], ["updated_at", "2022-06-09 22:35:28.204911"], ["id", 31]]
  ↳ app/controllers/urls_controller.rb:54:in `visit'
  [1m[35m (23.0ms)[0m  [1m[35mCOMMIT[0m
  ↳ app/controllers/urls_controller.rb:54:in `visit'
  [1m[35m (1.8ms)[0m  [1m[35mBEGIN[0m
  ↳ app/controllers/urls_controller.rb:55:in `visit'
  [1m[36mUrl Load (2.7ms)[0m  [1m[34mSELECT "urls".* FROM "urls" WHERE "urls"."id" = $1 LIMIT $2[0m  [["id", 31], ["LIMIT", 1]]
  ↳ app/controllers/urls_controller.rb:55:in `visit'
  [1m[36mClick Create (3.8ms)[0m  [1m[32mINSERT INTO "clicks" ("created_at", "updated_at", "url_id", "browser", "platform") VALUES ($1, $2, $3, $4, $5) RETURNING "id"[0m  [["created_at", "2022-06-09 22:35:28.479381"], ["updated_at", "2022-06-09 22:35:28.479381"], ["url_id", 31], ["browser", "Firefox"], ["platform", "Generic Linux"]]
  ↳ app/controllers/urls_controller.rb:55:in `visit'
  [1m[35m (19.5ms)[0m  [1m[35mCOMMIT[0m
  ↳ app/controllers/urls_controller.rb:55:in `visit'
Redirected to https://fullstacklabs.notion.site/Ruby-on-Rails-Coding-Challenge-5d9c09b5edb44fb1bec3aea5c7eb7590
Completed 302 Found in 620ms (ActiveRecord: 63.4ms | Allocations: 2247713)


Started GET "/GDMKQ" for 127.0.0.1 at 2022-06-10 03:35:32 +0500
Started GET "/GDMKQ" for 127.0.0.1 at 2022-06-10 03:35:32 +0500
Processing by UrlsController#visit as HTML
  Parameters: {"short_url"=>"GDMKQ"}
  [1m[36mUrl Load (2.3ms)[0m  [1m[34mSELECT "urls".* FROM "urls" WHERE "urls"."short_url" = $1 LIMIT $2[0m  [["short_url", "GDMKQ"], ["LIMIT", 1]]
  ↳ app/controllers/urls_controller.rb:52:in `visit'
DEPRECATION WARNING: update_attributes is deprecated and will be removed from Rails 6.1 (please, use update instead) (called from visit at /home/oby/Documents/Work/FSL/hey-url-challenge-code/app/controllers/urls_controller.rb:54)
  [1m[35m (58.8ms)[0m  [1m[35mBEGIN[0m
  ↳ app/controllers/urls_controller.rb:54:in `visit'
  [1m[36mUrl Exists? (9.5ms)[0m  [1m[34mSELECT 1 AS one FROM "urls" WHERE "urls"."short_url" = $1 AND "urls"."id" != $2 LIMIT $3[0m  [["short_url", "GDMKQ"], ["id", 31], ["LIMIT", 1]]
  ↳ app/controllers/urls_controller.rb:54:in `visit'
Processing by UrlsController#visit as HTML
  Parameters: {"short_url"=>"GDMKQ"}
  [1m[36mUrl Update (53.7ms)[0m  [1m[33mUPDATE "urls" SET "clicks_count" = $1, "updated_at" = $2 WHERE "urls"."id" = $3[0m  [["clicks_count", 7], ["updated_at", "2022-06-09 22:35:33.734125"], ["id", 31]]
  ↳ app/controllers/urls_controller.rb:54:in `visit'
  [1m[36mUrl Load (8.3ms)[0m  [1m[34mSELECT "urls".* FROM "urls" WHERE "urls"."short_url" = $1 LIMIT $2[0m  [["short_url", "GDMKQ"], ["LIMIT", 1]]
  [1m[35m (36.5ms)[0m  [1m[35mCOMMIT[0m
  ↳ app/controllers/urls_controller.rb:52:in `visit'
DEPRECATION WARNING: update_attributes is deprecated and will be removed from Rails 6.1 (please, use update instead) (called from visit at /home/oby/Documents/Work/FSL/hey-url-challenge-code/app/controllers/urls_controller.rb:54)
  ↳ app/controllers/urls_controller.rb:54:in `visit'
  [1m[35m (68.6ms)[0m  [1m[35mBEGIN[0m
  ↳ app/controllers/urls_controller.rb:54:in `visit'
  [1m[35m (60.2ms)[0m  [1m[35mBEGIN[0m
  ↳ app/controllers/urls_controller.rb:55:in `visit'
  [1m[36mUrl Exists? (39.5ms)[0m  [1m[34mSELECT 1 AS one FROM "urls" WHERE "urls"."short_url" = $1 AND "urls"."id" != $2 LIMIT $3[0m  [["short_url", "GDMKQ"], ["id", 31], ["LIMIT", 1]]
  ↳ app/controllers/urls_controller.rb:54:in `visit'
  [1m[36mUrl Load (111.6ms)[0m  [1m[34mSELECT "urls".* FROM "urls" WHERE "urls"."id" = $1 LIMIT $2[0m  [["id", 31], ["LIMIT", 1]]
  [1m[36mUrl Update (21.0ms)[0m  [1m[33mUPDATE "urls" SET "clicks_count" = $1, "updated_at" = $2 WHERE "urls"."id" = $3[0m  [["clicks_count", 7], ["updated_at", "2022-06-09 22:35:34.275689"], ["id", 31]]
  ↳ app/controllers/urls_controller.rb:54:in `visit'
  ↳ app/controllers/urls_controller.rb:55:in `visit'
  [1m[36mClick Create (4.0ms)[0m  [1m[32mINSERT INTO "clicks" ("created_at", "updated_at", "url_id", "browser", "platform") VALUES ($1, $2, $3, $4, $5) RETURNING "id"[0m  [["created_at", "2022-06-09 22:35:34.413695"], ["updated_at", "2022-06-09 22:35:34.413695"], ["url_id", 31], ["browser", "Firefox"], ["platform", "Generic Linux"]]
  [1m[35m (57.0ms)[0m  [1m[35mCOMMIT[0m
  ↳ app/controllers/urls_controller.rb:55:in `visit'
  ↳ app/controllers/urls_controller.rb:54:in `visit'
  [1m[35m (7.3ms)[0m  [1m[35mBEGIN[0m
  ↳ app/controllers/urls_controller.rb:55:in `visit'
  [1m[35m (173.0ms)[0m  [1m[35mCOMMIT[0m
  ↳ app/controllers/urls_controller.rb:55:in `visit'
  [1m[36mUrl Load (2.8ms)[0m  [1m[34mSELECT "urls".* FROM "urls" WHERE "urls"."id" = $1 LIMIT $2[0m  [["id", 31], ["LIMIT", 1]]
  ↳ app/controllers/urls_controller.rb:55:in `visit'
Redirected to https://fullstacklabs.notion.site/Ruby-on-Rails-Coding-Challenge-5d9c09b5edb44fb1bec3aea5c7eb7590
Completed 302 Found in 1888ms (ActiveRecord: 509.6ms | Allocations: 6017867)


  [1m[36mClick Create (42.1ms)[0m  [1m[32mINSERT INTO "clicks" ("created_at", "updated_at", "url_id", "browser", "platform") VALUES ($1, $2, $3, $4, $5) RETURNING "id"[0m  [["created_at", "2022-06-09 22:35:34.850934"], ["updated_at", "2022-06-09 22:35:34.850934"], ["url_id", 31], ["browser", "Firefox"], ["platform", "Generic Linux"]]
  ↳ app/controllers/urls_controller.rb:55:in `visit'
  [1m[35m (14.8ms)[0m  [1m[35mCOMMIT[0m
  ↳ app/controllers/urls_controller.rb:55:in `visit'
Redirected to https://fullstacklabs.notion.site/Ruby-on-Rails-Coding-Challenge-5d9c09b5edb44fb1bec3aea5c7eb7590
Completed 302 Found in 1293ms (ActiveRecord: 264.1ms | Allocations: 4047496)


Started GET "/GDMKQ" for 127.0.0.1 at 2022-06-10 03:35:46 +0500
Processing by UrlsController#visit as HTML
  Parameters: {"short_url"=>"GDMKQ"}
  [1m[36mUrl Load (5.2ms)[0m  [1m[34mSELECT "urls".* FROM "urls" WHERE "urls"."short_url" = $1 LIMIT $2[0m  [["short_url", "GDMKQ"], ["LIMIT", 1]]
  ↳ app/controllers/urls_controller.rb:52:in `visit'
DEPRECATION WARNING: update_attributes is deprecated and will be removed from Rails 6.1 (please, use update instead) (called from visit at /home/oby/Documents/Work/FSL/hey-url-challenge-code/app/controllers/urls_controller.rb:54)
  [1m[35m (1.3ms)[0m  [1m[35mBEGIN[0m
  ↳ app/controllers/urls_controller.rb:54:in `visit'
  [1m[36mUrl Exists? (4.7ms)[0m  [1m[34mSELECT 1 AS one FROM "urls" WHERE "urls"."short_url" = $1 AND "urls"."id" != $2 LIMIT $3[0m  [["short_url", "GDMKQ"], ["id", 31], ["LIMIT", 1]]
  ↳ app/controllers/urls_controller.rb:54:in `visit'
  [1m[36mUrl Update (1.5ms)[0m  [1m[33mUPDATE "urls" SET "clicks_count" = $1, "updated_at" = $2 WHERE "urls"."id" = $3[0m  [["clicks_count", 8], ["updated_at", "2022-06-09 22:35:46.990227"], ["id", 31]]
  ↳ app/controllers/urls_controller.rb:54:in `visit'
  [1m[35m (42.5ms)[0m  [1m[35mCOMMIT[0m
  ↳ app/controllers/urls_controller.rb:54:in `visit'
  [1m[35m (3.0ms)[0m  [1m[35mBEGIN[0m
  ↳ app/controllers/urls_controller.rb:55:in `visit'
  [1m[36mUrl Load (2.9ms)[0m  [1m[34mSELECT "urls".* FROM "urls" WHERE "urls"."id" = $1 LIMIT $2[0m  [["id", 31], ["LIMIT", 1]]
  ↳ app/controllers/urls_controller.rb:55:in `visit'
  [1m[36mClick Create (1.7ms)[0m  [1m[32mINSERT INTO "clicks" ("created_at", "updated_at", "url_id", "browser", "platform") VALUES ($1, $2, $3, $4, $5) RETURNING "id"[0m  [["created_at", "2022-06-09 22:35:47.237011"], ["updated_at", "2022-06-09 22:35:47.237011"], ["url_id", 31], ["browser", "Firefox"], ["platform", "Generic Linux"]]
  ↳ app/controllers/urls_controller.rb:55:in `visit'
  [1m[35m (43.7ms)[0m  [1m[35mCOMMIT[0m
  ↳ app/controllers/urls_controller.rb:55:in `visit'
Redirected to https://fullstacklabs.notion.site/Ruby-on-Rails-Coding-Challenge-5d9c09b5edb44fb1bec3aea5c7eb7590
Completed 302 Found in 589ms (ActiveRecord: 106.5ms | Allocations: 2782691)


Started GET "/" for 127.0.0.1 at 2022-06-10 03:35:59 +0500
Processing by UrlsController#index as HTML
  [1m[36mUrl Load (2.6ms)[0m  [1m[34mSELECT "urls".* FROM "urls" ORDER BY "urls"."id" DESC LIMIT $1[0m  [["LIMIT", 10]]
  ↳ app/controllers/urls_controller.rb:7:in `index'
  Rendering urls/index.html.erb within layouts/application
  Rendered urls/index.html.erb within layouts/application (Duration: 94.3ms | Allocations: 657376)
Completed 200 OK in 646ms (Views: 556.0ms | ActiveRecord: 2.6ms | Allocations: 4365927)


Started GET "/urls/GDMKQ" for 127.0.0.1 at 2022-06-10 03:39:54 +0500
Processing by UrlsController#show as HTML
  Parameters: {"url"=>"GDMKQ"}
  [1m[36mUrl Load (3.6ms)[0m  [1m[34mSELECT "urls".* FROM "urls" WHERE "urls"."short_url" = $1 LIMIT $2[0m  [["short_url", "GDMKQ"], ["LIMIT", 1]]
  ↳ app/controllers/urls_controller.rb:32:in `show'
  [1m[35m (2.4ms)[0m  [1m[34mSELECT "clicks"."created_at" FROM "clicks" WHERE "clicks"."url_id" = $1[0m  [["url_id", 31]]
  ↳ app/controllers/urls_controller.rb:34:in `show'
  Rendering urls/show.html.erb within layouts/application
  Rendered urls/show.html.erb within layouts/application (Duration: 2.0ms | Allocations: 860)
Started GET "/" for 127.0.0.1 at 2022-06-10 03:40:41 +0500
Completed 200 OK in 43482ms (Views: 19.0ms | ActiveRecord: 31.2ms | Allocations: 2380276)


Processing by UrlsController#index as HTML
  [1m[36mUrl Load (2.1ms)[0m  [1m[34mSELECT "urls".* FROM "urls" ORDER BY "urls"."id" DESC LIMIT $1[0m  [["LIMIT", 10]]
  ↳ app/controllers/urls_controller.rb:7:in `index'
  Rendering urls/index.html.erb within layouts/application
  Rendered urls/index.html.erb within layouts/application (Duration: 3.6ms | Allocations: 718)
Completed 200 OK in 67ms (Views: 30.4ms | ActiveRecord: 13.3ms | Allocations: 15627)


Started GET "/" for 127.0.0.1 at 2022-06-10 03:40:58 +0500
Processing by UrlsController#index as HTML
  [1m[36mUrl Load (0.7ms)[0m  [1m[34mSELECT "urls".* FROM "urls" ORDER BY "urls"."id" DESC LIMIT $1[0m  [["LIMIT", 10]]
  ↳ app/controllers/urls_controller.rb:7:in `index'
  Rendering urls/index.html.erb within layouts/application
  Rendered urls/index.html.erb within layouts/application (Duration: 3.0ms | Allocations: 653)
Completed 200 OK in 37ms (Views: 31.6ms | ActiveRecord: 0.7ms | Allocations: 11562)


Started GET "/urls/GDMKQ" for 127.0.0.1 at 2022-06-10 03:41:25 +0500
Processing by UrlsController#show as HTML
  Parameters: {"url"=>"GDMKQ"}
  [1m[36mUrl Load (0.7ms)[0m  [1m[34mSELECT "urls".* FROM "urls" WHERE "urls"."short_url" = $1 LIMIT $2[0m  [["short_url", "GDMKQ"], ["LIMIT", 1]]
  ↳ app/controllers/urls_controller.rb:32:in `show'
  [1m[35m (0.5ms)[0m  [1m[34mSELECT "clicks"."created_at" FROM "clicks" WHERE "clicks"."url_id" = $1[0m  [["url_id", 31]]
  ↳ app/controllers/urls_controller.rb:34:in `show'
  [1m[35mCACHE  (0.0ms)[0m  [1m[34mSELECT "clicks"."created_at" FROM "clicks" WHERE "clicks"."url_id" = $1[0m  [["url_id", 31]]
  ↳ (byebug):1:in `show'
  [1m[35mCACHE  (0.0ms)[0m  [1m[34mSELECT "clicks"."created_at" FROM "clicks" WHERE "clicks"."url_id" = $1[0m  [["url_id", 31]]
  ↳ (byebug):1:in `show'
Started GET "/" for 127.0.0.1 at 2022-06-10 03:42:49 +0500
  [1m[35m (5.4ms)[0m  [1m[34mSELECT "clicks"."id", "clicks"."created_at" FROM "clicks" WHERE "clicks"."url_id" = $1[0m  [["url_id", 31]]
  ↳ (byebug):1:in `show'
  [1m[35mCACHE  (0.1ms)[0m  [1m[34mSELECT "clicks"."id", "clicks"."created_at" FROM "clicks" WHERE "clicks"."url_id" = $1[0m  [["url_id", 31]]
  ↳ (byebug):1:in `show'
  [1m[35mCACHE  (0.0ms)[0m  [1m[34mSELECT "clicks"."id", "clicks"."created_at" FROM "clicks" WHERE "clicks"."url_id" = $1[0m  [["url_id", 31]]
  ↳ (byebug):1:in `show'
  [1m[35m (0.8ms)[0m  [1m[34mSELECT "clicks"."id", "clicks"."created_at" FROM "clicks" WHERE "clicks"."url_id" = $1[0m  [["url_id", 32]]
  ↳ (byebug):1:in `show'
Processing by UrlsController#index as HTML
  [1m[35mCACHE  (0.0ms)[0m  [1m[34mSELECT "clicks"."id", "clicks"."created_at" FROM "clicks" WHERE "clicks"."url_id" = $1[0m  [["url_id", 31]]
  ↳ (byebug):1:in `show'
  [1m[36mUrl Load (2.7ms)[0m  [1m[34mSELECT "urls".* FROM "urls" ORDER BY "urls"."id" DESC LIMIT $1[0m  [["LIMIT", 10]]
  ↳ app/controllers/urls_controller.rb:7:in `index'
  [1m[35m (2.3ms)[0m  [1m[34mSELECT "clicks"."url_id", "clicks"."created_at" FROM "clicks" WHERE "clicks"."url_id" = $1[0m  [["url_id", 31]]
  Rendering urls/index.html.erb within layouts/application
  ↳ (byebug):1:in `show'
  Rendered urls/index.html.erb within layouts/application (Duration: 69.3ms | Allocations: 332496)
  [1m[35mCACHE  (0.1ms)[0m  [1m[34mSELECT "clicks"."url_id", "clicks"."created_at" FROM "clicks" WHERE "clicks"."url_id" = $1[0m  [["url_id", 31]]
  ↳ (byebug):1:in `show'
  [1m[36mUrl Load (7.3ms)[0m  [1m[34mSELECT "urls".* FROM "urls" WHERE "urls"."id" = $1 LIMIT $2[0m  [["id", 31], ["LIMIT", 1]]
  ↳ (byebug):1:in `show'
  [1m[36mCACHE Url Load (0.0ms)[0m  [1m[34mSELECT "urls".* FROM "urls" WHERE "urls"."id" = $1 LIMIT $2[0m  [["id", 31], ["LIMIT", 1]]
  ↳ (byebug):1:in `show'
DEPRECATION WARNING: update_attributes is deprecated and will be removed from Rails 6.1 (please, use update instead) (called from show at (byebug):1)
  [1m[35m (36.9ms)[0m  [1m[35mBEGIN[0m
  ↳ (byebug):1:in `show'
  [1m[36mUrl Exists? (11.9ms)[0m  [1m[34mSELECT 1 AS one FROM "urls" WHERE "urls"."short_url" = $1 AND "urls"."id" != $2 LIMIT $3[0m  [["short_url", "GDMKQ"], ["id", 31], ["LIMIT", 1]]
  ↳ (byebug):1:in `show'
  [1m[36mUrl Update (1.8ms)[0m  [1m[33mUPDATE "urls" SET "clicks_count" = $1, "updated_at" = $2 WHERE "urls"."id" = $3[0m  [["clicks_count", 9], ["updated_at", "2022-06-09 22:44:32.327364"], ["id", 31]]
  ↳ (byebug):1:in `show'
  [1m[35m (3.2ms)[0m  [1m[35mCOMMIT[0m
  ↳ (byebug):1:in `show'
  [1m[36mUrl Load (2.2ms)[0m  [1m[34mSELECT "urls".* FROM "urls" WHERE "urls"."id" = $1 LIMIT $2[0m  [["id", 31], ["LIMIT", 1]]
  ↳ (byebug):1:in `show'
Completed 500 Internal Server Error in 196973ms (ActiveRecord: 74.9ms | Allocations: 1403287)


  
SystemExit (exit):
  
(byebug):1:in `exit'
(byebug):1:in `show'
app/controllers/urls_controller.rb:38:in `show'
Started GET "/" for 127.0.0.1 at 2022-06-10 03:44:42 +0500
Processing by UrlsController#index as HTML
  [1m[36mUrl Load (31.3ms)[0m  [1m[34mSELECT "urls".* FROM "urls" ORDER BY "urls"."id" DESC LIMIT $1[0m  [["LIMIT", 10]]
  ↳ app/controllers/urls_controller.rb:7:in `index'
  Rendering urls/index.html.erb within layouts/application
  Rendered urls/index.html.erb within layouts/application (Duration: 82.7ms | Allocations: 341863)
Completed 200 OK in 89927ms (Views: 82544.0ms | ActiveRecord: 2.7ms | Allocations: 12497281)


Completed 200 OK in 5064ms (Views: 4709.6ms | ActiveRecord: 31.3ms | Allocations: 19472310)


Started GET "/urls/GDMKQ" for 127.0.0.1 at 2022-06-10 03:44:57 +0500
Processing by UrlsController#show as HTML
  Parameters: {"url"=>"GDMKQ"}
  [1m[36mUrl Load (2.7ms)[0m  [1m[34mSELECT "urls".* FROM "urls" WHERE "urls"."short_url" = $1 LIMIT $2[0m  [["short_url", "GDMKQ"], ["LIMIT", 1]]
  ↳ app/controllers/urls_controller.rb:32:in `show'
  [1m[35m (2.2ms)[0m  [1m[34mSELECT "clicks"."created_at" FROM "clicks" WHERE "clicks"."url_id" = $1[0m  [["url_id", 31]]
  ↳ app/controllers/urls_controller.rb:34:in `show'
Completed 500 Internal Server Error in 170992ms (ActiveRecord: 4.9ms | Allocations: 737146)


  
SystemExit (exit):
  
(byebug):1:in `exit'
(byebug):1:in `show'
app/controllers/urls_controller.rb:38:in `show'
Started GET "/urls/GDMKQ" for 127.0.0.1 at 2022-06-10 03:48:03 +0500
Processing by UrlsController#show as HTML
  Parameters: {"url"=>"GDMKQ"}
  [1m[36mUrl Load (4.7ms)[0m  [1m[34mSELECT "urls".* FROM "urls" WHERE "urls"."short_url" = $1 LIMIT $2[0m  [["short_url", "GDMKQ"], ["LIMIT", 1]]
  ↳ app/controllers/urls_controller.rb:32:in `show'
  [1m[35m (2.9ms)[0m  [1m[34mSELECT "clicks"."created_at" FROM "clicks" WHERE "clicks"."url_id" = $1[0m  [["url_id", 31]]
  ↳ app/controllers/urls_controller.rb:34:in `show'
  [1m[35m (6.2ms)[0m  [1m[34mSELECT "browsers" FROM "clicks" WHERE "clicks"."url_id" = $1[0m  [["url_id", 31]]
  ↳ app/controllers/urls_controller.rb:36:in `show'
Completed 500 Internal Server Error in 477ms (ActiveRecord: 26.4ms | Allocations: 2168306)


  
ActiveRecord::StatementInvalid (PG::UndefinedColumn: ERROR:  column "browsers" does not exist
LINE 1: SELECT "browsers" FROM "clicks" WHERE "clicks"."url_id" = $1
               ^
HINT:  Perhaps you meant to reference the column "clicks.browser".
):
  
app/controllers/urls_controller.rb:36:in `show'
Started GET "/urls/GDMKQ" for 127.0.0.1 at 2022-06-10 03:48:43 +0500
Processing by UrlsController#show as HTML
  Parameters: {"url"=>"GDMKQ"}
  [1m[36mUrl Load (2.3ms)[0m  [1m[34mSELECT "urls".* FROM "urls" WHERE "urls"."short_url" = $1 LIMIT $2[0m  [["short_url", "GDMKQ"], ["LIMIT", 1]]
  ↳ app/controllers/urls_controller.rb:32:in `show'
  [1m[35m (2.2ms)[0m  [1m[34mSELECT "clicks"."created_at" FROM "clicks" WHERE "clicks"."url_id" = $1[0m  [["url_id", 31]]
  ↳ app/controllers/urls_controller.rb:34:in `show'
  [1m[35m (3.2ms)[0m  [1m[34mSELECT "clicks"."browser" FROM "clicks" WHERE "clicks"."url_id" = $1[0m  [["url_id", 31]]
  ↳ app/controllers/urls_controller.rb:36:in `show'
  [1m[35m (3.4ms)[0m  [1m[34mSELECT "clicks"."platform" FROM "clicks" WHERE "clicks"."url_id" = $1[0m  [["url_id", 31]]
  ↳ app/controllers/urls_controller.rb:38:in `show'
  Rendering urls/show.html.erb within layouts/application
  Rendered urls/show.html.erb within layouts/application (Duration: 39.8ms | Allocations: 197213)
Completed 200 OK in 1105ms (Views: 589.0ms | ActiveRecord: 34.5ms | Allocations: 5229230)


  [1m[35m (0.2ms)[0m  [1m[35mBEGIN[0m
  [1m[36mUrl Load (0.4ms)[0m  [1m[34mSELECT "urls".* FROM "urls" WHERE "urls"."id" = $1 LIMIT $2[0m  [["id", 32], ["LIMIT", 1]]
  [1m[35m (0.3ms)[0m  [1m[31mROLLBACK[0m
  [1m[35m (0.2ms)[0m  [1m[35mBEGIN[0m
  [1m[36mUrl Load (0.2ms)[0m  [1m[34mSELECT "urls".* FROM "urls" WHERE "urls"."id" = $1 LIMIT $2[0m  [["id", 32], ["LIMIT", 1]]
  [1m[35m (0.2ms)[0m  [1m[31mROLLBACK[0m
  [1m[35m (0.1ms)[0m  [1m[35mBEGIN[0m
  [1m[36mUrl Load (0.2ms)[0m  [1m[34mSELECT "urls".* FROM "urls" WHERE "urls"."id" = $1 LIMIT $2[0m  [["id", 32], ["LIMIT", 1]]
  [1m[35m (0.2ms)[0m  [1m[31mROLLBACK[0m
  [1m[35m (0.1ms)[0m  [1m[35mBEGIN[0m
  [1m[36mUrl Load (0.3ms)[0m  [1m[34mSELECT "urls".* FROM "urls" WHERE "urls"."id" = $1 LIMIT $2[0m  [["id", 32], ["LIMIT", 1]]
  [1m[35m (0.2ms)[0m  [1m[31mROLLBACK[0m
  [1m[35m (0.2ms)[0m  [1m[35mBEGIN[0m
  [1m[36mUrl Load (0.2ms)[0m  [1m[34mSELECT "urls".* FROM "urls" WHERE "urls"."id" = $1 LIMIT $2[0m  [["id", 32], ["LIMIT", 1]]
  [1m[35m (0.3ms)[0m  [1m[31mROLLBACK[0m
Started GET "/urls/GDMKQ" for 127.0.0.1 at 2022-06-10 03:49:53 +0500
Processing by UrlsController#show as HTML
  Parameters: {"url"=>"GDMKQ"}
  [1m[36mUrl Load (1.8ms)[0m  [1m[34mSELECT "urls".* FROM "urls" WHERE "urls"."short_url" = $1 LIMIT $2[0m  [["short_url", "GDMKQ"], ["LIMIT", 1]]
  ↳ app/controllers/urls_controller.rb:32:in `show'
  [1m[35m (1.5ms)[0m  [1m[34mSELECT "clicks"."created_at" FROM "clicks" WHERE "clicks"."url_id" = $1[0m  [["url_id", 31]]
  ↳ app/controllers/urls_controller.rb:34:in `show'
  [1m[35m (3.5ms)[0m  [1m[34mSELECT "clicks"."browser" FROM "clicks" WHERE "clicks"."url_id" = $1[0m  [["url_id", 31]]
  ↳ app/controllers/urls_controller.rb:36:in `show'
  [1m[35m (3.3ms)[0m  [1m[34mSELECT "clicks"."platform" FROM "clicks" WHERE "clicks"."url_id" = $1[0m  [["url_id", 31]]
  ↳ app/controllers/urls_controller.rb:38:in `show'
  Rendering urls/show.html.erb within layouts/application
  Rendered urls/show.html.erb within layouts/application (Duration: 52.1ms | Allocations: 99024)
Completed 200 OK in 866ms (Views: 640.5ms | ActiveRecord: 10.0ms | Allocations: 3694266)


  [1m[35m (0.3ms)[0m  [1m[35mBEGIN[0m
  [1m[36mUrl Load (0.4ms)[0m  [1m[34mSELECT "urls".* FROM "urls" WHERE "urls"."id" = $1 LIMIT $2[0m  [["id", 32], ["LIMIT", 1]]
  [1m[35m (0.3ms)[0m  [1m[31mROLLBACK[0m
  [1m[36mClick Load (0.4ms)[0m  [1m[34mSELECT "clicks".* FROM "clicks" ORDER BY "clicks"."id" DESC LIMIT $1[0m  [["LIMIT", 1]]
  [1m[35m (0.1ms)[0m  [1m[35mBEGIN[0m
  [1m[36mUrl Load (0.1ms)[0m  [1m[34mSELECT "urls".* FROM "urls" WHERE "urls"."id" = $1 LIMIT $2[0m  [["id", 32], ["LIMIT", 1]]
  [1m[35m (0.3ms)[0m  [1m[31mROLLBACK[0m
  [1m[36mClick Load (0.4ms)[0m  [1m[34mSELECT "clicks".* FROM "clicks" ORDER BY "clicks"."id" DESC LIMIT $1[0m  [["LIMIT", 1]]
  [1m[35m (0.2ms)[0m  [1m[35mBEGIN[0m
  [1m[36mUrl Load (0.2ms)[0m  [1m[34mSELECT "urls".* FROM "urls" WHERE "urls"."id" = $1 LIMIT $2[0m  [["id", 31], ["LIMIT", 1]]
  [1m[36mClick Create (1.6ms)[0m  [1m[32mINSERT INTO "clicks" ("created_at", "updated_at", "url_id", "browser", "platform") VALUES ($1, $2, $3, $4, $5) RETURNING "id"[0m  [["created_at", "2022-06-09 22:51:06.227034"], ["updated_at", "2022-06-09 22:51:06.227034"], ["url_id", 31], ["browser", "Chrome"], ["platform", "MacOS"]]
  [1m[35m (1.0ms)[0m  [1m[35mCOMMIT[0m
Started GET "/urls/GDMKQ" for 127.0.0.1 at 2022-06-10 03:51:09 +0500
Processing by UrlsController#show as HTML
  Parameters: {"url"=>"GDMKQ"}
  [1m[36mUrl Load (6.4ms)[0m  [1m[34mSELECT "urls".* FROM "urls" WHERE "urls"."short_url" = $1 LIMIT $2[0m  [["short_url", "GDMKQ"], ["LIMIT", 1]]
  ↳ app/controllers/urls_controller.rb:32:in `show'
  [1m[35m (2.8ms)[0m  [1m[34mSELECT "clicks"."created_at" FROM "clicks" WHERE "clicks"."url_id" = $1[0m  [["url_id", 31]]
  ↳ app/controllers/urls_controller.rb:34:in `show'
  [1m[35m (2.1ms)[0m  [1m[34mSELECT "clicks"."browser" FROM "clicks" WHERE "clicks"."url_id" = $1[0m  [["url_id", 31]]
  ↳ app/controllers/urls_controller.rb:36:in `show'
  [1m[35m (2.3ms)[0m  [1m[34mSELECT "clicks"."platform" FROM "clicks" WHERE "clicks"."url_id" = $1[0m  [["url_id", 31]]
  ↳ app/controllers/urls_controller.rb:38:in `show'
  Rendering urls/show.html.erb within layouts/application
  Rendered urls/show.html.erb within layouts/application (Duration: 20.7ms | Allocations: 99512)
Completed 200 OK in 811ms (Views: 561.4ms | ActiveRecord: 13.5ms | Allocations: 3703256)


  [1m[35m (0.2ms)[0m  [1m[35mBEGIN[0m
  [1m[36mUrl Load (0.2ms)[0m  [1m[34mSELECT "urls".* FROM "urls" WHERE "urls"."id" = $1 LIMIT $2[0m  [["id", 32], ["LIMIT", 1]]
  [1m[35m (0.2ms)[0m  [1m[31mROLLBACK[0m
  [1m[35m (0.3ms)[0m  [1m[35mBEGIN[0m
  [1m[36mUrl Load (0.3ms)[0m  [1m[34mSELECT "urls".* FROM "urls" WHERE "urls"."id" = $1 LIMIT $2[0m  [["id", 32], ["LIMIT", 1]]
  [1m[35m (0.3ms)[0m  [1m[31mROLLBACK[0m
  [1m[35m (0.1ms)[0m  [1m[35mBEGIN[0m
  [1m[36mUrl Load (0.1ms)[0m  [1m[34mSELECT "urls".* FROM "urls" WHERE "urls"."id" = $1 LIMIT $2[0m  [["id", 32], ["LIMIT", 1]]
  [1m[35m (0.4ms)[0m  [1m[31mROLLBACK[0m
Started GET "/urls/GDMKQ" for 127.0.0.1 at 2022-06-10 03:51:28 +0500
Processing by UrlsController#show as HTML
  Parameters: {"url"=>"GDMKQ"}
  [1m[36mUrl Load (1.7ms)[0m  [1m[34mSELECT "urls".* FROM "urls" WHERE "urls"."short_url" = $1 LIMIT $2[0m  [["short_url", "GDMKQ"], ["LIMIT", 1]]
  ↳ app/controllers/urls_controller.rb:32:in `show'
  [1m[35m (5.5ms)[0m  [1m[34mSELECT "clicks"."created_at" FROM "clicks" WHERE "clicks"."url_id" = $1[0m  [["url_id", 31]]
  ↳ app/controllers/urls_controller.rb:34:in `show'
  [1m[35m (1.9ms)[0m  [1m[34mSELECT "clicks"."browser" FROM "clicks" WHERE "clicks"."url_id" = $1[0m  [["url_id", 31]]
  ↳ app/controllers/urls_controller.rb:36:in `show'
  [1m[35m (2.6ms)[0m  [1m[34mSELECT "clicks"."platform" FROM "clicks" WHERE "clicks"."url_id" = $1[0m  [["url_id", 31]]
  ↳ app/controllers/urls_controller.rb:38:in `show'
  Rendering urls/show.html.erb within layouts/application
  Rendered urls/show.html.erb within layouts/application (Duration: 30.6ms | Allocations: 99511)
Completed 200 OK in 807ms (Views: 586.1ms | ActiveRecord: 11.6ms | Allocations: 3703223)


  [1m[35m (0.3ms)[0m  [1m[35mBEGIN[0m
  [1m[36mUrl Load (0.3ms)[0m  [1m[34mSELECT "urls".* FROM "urls" WHERE "urls"."id" = $1 LIMIT $2[0m  [["id", 31], ["LIMIT", 1]]
  [1m[36mClick Create (1.0ms)[0m  [1m[32mINSERT INTO "clicks" ("created_at", "updated_at", "url_id", "browser", "platform") VALUES ($1, $2, $3, $4, $5) RETURNING "id"[0m  [["created_at", "2022-06-09 22:51:37.722779"], ["updated_at", "2022-06-09 22:51:37.722779"], ["url_id", 31], ["browser", "Chrome"], ["platform", "Windows"]]
  [1m[35m (2.7ms)[0m  [1m[35mCOMMIT[0m
  [1m[35m (0.2ms)[0m  [1m[35mBEGIN[0m
  [1m[36mUrl Load (0.2ms)[0m  [1m[34mSELECT "urls".* FROM "urls" WHERE "urls"."id" = $1 LIMIT $2[0m  [["id", 31], ["LIMIT", 1]]
  [1m[36mClick Create (0.9ms)[0m  [1m[32mINSERT INTO "clicks" ("created_at", "updated_at", "url_id", "browser", "platform") VALUES ($1, $2, $3, $4, $5) RETURNING "id"[0m  [["created_at", "2022-06-09 22:51:41.377046"], ["updated_at", "2022-06-09 22:51:41.377046"], ["url_id", 31], ["browser", "Chrome"], ["platform", "Windows"]]
  [1m[35m (1.2ms)[0m  [1m[35mCOMMIT[0m
  [1m[35m (0.2ms)[0m  [1m[35mBEGIN[0m
  [1m[36mUrl Load (0.5ms)[0m  [1m[34mSELECT "urls".* FROM "urls" WHERE "urls"."id" = $1 LIMIT $2[0m  [["id", 31], ["LIMIT", 1]]
  [1m[36mClick Create (0.8ms)[0m  [1m[32mINSERT INTO "clicks" ("created_at", "updated_at", "url_id", "browser", "platform") VALUES ($1, $2, $3, $4, $5) RETURNING "id"[0m  [["created_at", "2022-06-09 22:51:43.867596"], ["updated_at", "2022-06-09 22:51:43.867596"], ["url_id", 31], ["browser", "Chrome"], ["platform", "Windows"]]
  [1m[35m (0.6ms)[0m  [1m[35mCOMMIT[0m
  [1m[35m (0.1ms)[0m  [1m[35mBEGIN[0m
  [1m[36mUrl Load (0.2ms)[0m  [1m[34mSELECT "urls".* FROM "urls" WHERE "urls"."id" = $1 LIMIT $2[0m  [["id", 31], ["LIMIT", 1]]
  [1m[36mClick Create (0.8ms)[0m  [1m[32mINSERT INTO "clicks" ("created_at", "updated_at", "url_id", "browser", "platform") VALUES ($1, $2, $3, $4, $5) RETURNING "id"[0m  [["created_at", "2022-06-09 22:51:45.676351"], ["updated_at", "2022-06-09 22:51:45.676351"], ["url_id", 31], ["browser", "Chrome"], ["platform", "Windows"]]
  [1m[35m (1.4ms)[0m  [1m[35mCOMMIT[0m
Started GET "/urls/GDMKQ" for 127.0.0.1 at 2022-06-10 03:51:47 +0500
Processing by UrlsController#show as HTML
  Parameters: {"url"=>"GDMKQ"}
  [1m[36mUrl Load (3.4ms)[0m  [1m[34mSELECT "urls".* FROM "urls" WHERE "urls"."short_url" = $1 LIMIT $2[0m  [["short_url", "GDMKQ"], ["LIMIT", 1]]
  ↳ app/controllers/urls_controller.rb:32:in `show'
  [1m[35m (1.4ms)[0m  [1m[34mSELECT "clicks"."created_at" FROM "clicks" WHERE "clicks"."url_id" = $1[0m  [["url_id", 31]]
  ↳ app/controllers/urls_controller.rb:34:in `show'
  [1m[35m (3.2ms)[0m  [1m[34mSELECT "clicks"."browser" FROM "clicks" WHERE "clicks"."url_id" = $1[0m  [["url_id", 31]]
  ↳ app/controllers/urls_controller.rb:36:in `show'
  [1m[35m (2.4ms)[0m  [1m[34mSELECT "clicks"."platform" FROM "clicks" WHERE "clicks"."url_id" = $1[0m  [["url_id", 31]]
  ↳ app/controllers/urls_controller.rb:38:in `show'
  Rendering urls/show.html.erb within layouts/application
  Rendered urls/show.html.erb within layouts/application (Duration: 16.2ms | Allocations: 99754)
Completed 200 OK in 839ms (Views: 573.9ms | ActiveRecord: 10.4ms | Allocations: 3736413)


Started GET "/" for 127.0.0.1 at 2022-06-10 03:51:59 +0500
Processing by UrlsController#index as HTML
  [1m[36mUrl Load (2.6ms)[0m  [1m[34mSELECT "urls".* FROM "urls" ORDER BY "urls"."id" DESC LIMIT $1[0m  [["LIMIT", 10]]
  ↳ app/controllers/urls_controller.rb:7:in `index'
  Rendering urls/index.html.erb within layouts/application
  Rendered urls/index.html.erb within layouts/application (Duration: 139.8ms | Allocations: 576015)
Completed 200 OK in 955ms (Views: 830.4ms | ActiveRecord: 2.6ms | Allocations: 3640027)


  [1m[36mUrl Load (0.3ms)[0m  [1m[34mSELECT "urls".* FROM "urls" ORDER BY "urls"."id" ASC LIMIT $1[0m  [["LIMIT", 1]]
  [1m[35m (0.1ms)[0m  [1m[35mBEGIN[0m
  [1m[36mUrl Destroy (1.5ms)[0m  [1m[31mDELETE FROM "urls" WHERE "urls"."id" = $1[0m  [["id", 14]]
  [1m[35m (0.1ms)[0m  [1m[31mROLLBACK[0m
  [1m[36mClick Load (0.8ms)[0m  [1m[34mSELECT "clicks".* FROM "clicks" WHERE "clicks"."id" = $1 LIMIT $2[0m  [["id", 14], ["LIMIT", 1]]
  [1m[35m (0.2ms)[0m  [1m[35mBEGIN[0m
  [1m[36mClick Destroy (1.2ms)[0m  [1m[31mDELETE FROM "clicks" WHERE "clicks"."id" = $1[0m  [["id", 14]]
  [1m[35m (2.2ms)[0m  [1m[35mCOMMIT[0m
  [1m[36mUrl Load (0.5ms)[0m  [1m[34mSELECT "urls".* FROM "urls" ORDER BY "urls"."id" ASC LIMIT $1[0m  [["LIMIT", 1]]
  [1m[35m (0.2ms)[0m  [1m[35mBEGIN[0m
  [1m[36mUrl Destroy (1.1ms)[0m  [1m[31mDELETE FROM "urls" WHERE "urls"."id" = $1[0m  [["id", 14]]
  [1m[35m (0.2ms)[0m  [1m[31mROLLBACK[0m
  [1m[36mClick Load (0.8ms)[0m  [1m[34mSELECT "clicks".* FROM "clicks" WHERE "clicks"."id" = $1 LIMIT $2[0m  [["id", 14], ["LIMIT", 1]]
  [1m[36mUrl Load (1.0ms)[0m  [1m[34mSELECT "urls".* FROM "urls" ORDER BY "urls"."id" ASC LIMIT $1[0m  [["LIMIT", 1]]
  [1m[35m (0.4ms)[0m  [1m[35mBEGIN[0m
  [1m[36mUrl Destroy (2.5ms)[0m  [1m[31mDELETE FROM "urls" WHERE "urls"."id" = $1[0m  [["id", 14]]
  [1m[35m (0.5ms)[0m  [1m[31mROLLBACK[0m
  [1m[36mUrl Load (0.3ms)[0m  [1m[34mSELECT "urls".* FROM "urls" ORDER BY "urls"."id" ASC LIMIT $1[0m  [["LIMIT", 1]]
  [1m[36mClick Load (0.5ms)[0m  [1m[34mSELECT "clicks".* FROM "clicks" WHERE "clicks"."url_id" = $1 LIMIT $2[0m  [["url_id", 14], ["LIMIT", 1]]
  [1m[36mClick Load (0.4ms)[0m  [1m[34mSELECT "clicks".* FROM "clicks" WHERE "clicks"."url_id" = $1 LIMIT $2[0m  [["url_id", 14], ["LIMIT", 1]]
  [1m[35m (0.1ms)[0m  [1m[35mBEGIN[0m
  [1m[36mClick Destroy (0.3ms)[0m  [1m[31mDELETE FROM "clicks" WHERE "clicks"."id" = $1[0m  [["id", 1]]
  [1m[35m (0.6ms)[0m  [1m[35mCOMMIT[0m
  [1m[36mUrl Load (0.6ms)[0m  [1m[34mSELECT "urls".* FROM "urls" ORDER BY "urls"."id" ASC LIMIT $1[0m  [["LIMIT", 1]]
  [1m[35m (0.2ms)[0m  [1m[35mBEGIN[0m
  [1m[36mUrl Destroy (1.7ms)[0m  [1m[31mDELETE FROM "urls" WHERE "urls"."id" = $1[0m  [["id", 14]]
  [1m[35m (0.3ms)[0m  [1m[31mROLLBACK[0m
  [1m[36mClick Load (0.8ms)[0m  [1m[34mSELECT "clicks".* FROM "clicks" WHERE "clicks"."url_id" = $1 LIMIT $2[0m  [["url_id", 14], ["LIMIT", 1]]
  [1m[36mUrl Load (1.0ms)[0m  [1m[34mSELECT "urls".* FROM "urls" ORDER BY "urls"."id" ASC LIMIT $1[0m  [["LIMIT", 1]]
Started GET "/" for 127.0.0.1 at 2022-06-10 03:53:49 +0500
Processing by UrlsController#index as HTML
  [1m[36mUrl Load (6.1ms)[0m  [1m[34mSELECT "urls".* FROM "urls" ORDER BY "urls"."id" DESC LIMIT $1[0m  [["LIMIT", 10]]
  ↳ app/controllers/urls_controller.rb:7:in `index'
  Rendering urls/index.html.erb within layouts/application
  Rendered urls/index.html.erb within layouts/application (Duration: 132.8ms | Allocations: 526146)
Completed 200 OK in 777ms (Views: 667.6ms | ActiveRecord: 6.1ms | Allocations: 3585465)


Started GET "/" for 127.0.0.1 at 2022-06-10 03:54:53 +0500
Processing by UrlsController#index as HTML
  [1m[36mUrl Load (2.9ms)[0m  [1m[34mSELECT "urls".* FROM "urls" ORDER BY "urls"."id" DESC LIMIT $1[0m  [["LIMIT", 10]]
  ↳ app/controllers/urls_controller.rb:7:in `index'
  Rendering urls/index.html.erb within layouts/application
  Rendered urls/index.html.erb within layouts/application (Duration: 137.3ms | Allocations: 576026)
Completed 200 OK in 1133ms (Views: 741.7ms | ActiveRecord: 21.3ms | Allocations: 4679555)


Started GET "/adsad" for 127.0.0.1 at 2022-06-10 03:56:20 +0500
Processing by UrlsController#visit as HTML
  Parameters: {"short_url"=>"adsad"}
  [1m[36mUrl Load (5.3ms)[0m  [1m[34mSELECT "urls".* FROM "urls" WHERE "urls"."short_url" = $1 LIMIT $2[0m  [["short_url", "adsad"], ["LIMIT", 1]]
  ↳ app/controllers/urls_controller.rb:47:in `visit'
DEPRECATION WARNING: render file: should be given the absolute path to a file (called from visit at /home/oby/Documents/Work/FSL/hey-url-challenge-code/app/controllers/urls_controller.rb:53)
  Rendering public/404.html within layouts/application
  Rendered public/404.html within layouts/application (Duration: 7.3ms | Allocations: 16078)
Completed 200 OK in 758ms (Views: 576.7ms | ActiveRecord: 7.6ms | Allocations: 3563943)


Started GET "/" for 127.0.0.1 at 2022-06-10 03:56:27 +0500
Processing by UrlsController#index as HTML
  [1m[36mUrl Load (4.5ms)[0m  [1m[34mSELECT "urls".* FROM "urls" ORDER BY "urls"."id" DESC LIMIT $1[0m  [["LIMIT", 10]]
  ↳ app/controllers/urls_controller.rb:7:in `index'
  Rendering urls/index.html.erb within layouts/application
  Rendered urls/index.html.erb within layouts/application (Duration: 126.5ms | Allocations: 576020)
Completed 200 OK in 1244ms (Views: 962.4ms | ActiveRecord: 14.3ms | Allocations: 4267789)


Started GET "/urls/adsad" for 127.0.0.1 at 2022-06-10 03:56:31 +0500
Processing by UrlsController#show as HTML
  Parameters: {"url"=>"adsad"}
  [1m[36mUrl Load (2.9ms)[0m  [1m[34mSELECT "urls".* FROM "urls" WHERE "urls"."short_url" = $1 LIMIT $2[0m  [["short_url", "adsad"], ["LIMIT", 1]]
  ↳ app/controllers/urls_controller.rb:32:in `show'
DEPRECATION WARNING: render file: should be given the absolute path to a file (called from show at /home/oby/Documents/Work/FSL/hey-url-challenge-code/app/controllers/urls_controller.rb:42)
  Rendering public/404.html within layouts/application
  Rendered public/404.html within layouts/application (Duration: 1.1ms | Allocations: 8522)
Completed 200 OK in 641ms (Views: 553.1ms | ActiveRecord: 2.9ms | Allocations: 2979424)


Started GET "/" for 127.0.0.1 at 2022-06-11 00:51:14 +0500
  [1m[35m (1.2ms)[0m  [1m[34mSELECT "schema_migrations"."version" FROM "schema_migrations" ORDER BY "schema_migrations"."version" ASC[0m
Processing by UrlsController#index as HTML
  [1m[36mUrl Load (1.9ms)[0m  [1m[34mSELECT "urls".* FROM "urls" ORDER BY "urls"."id" DESC LIMIT $1[0m  [["LIMIT", 10]]
  ↳ app/controllers/urls_controller.rb:7:in `index'
  Rendering urls/index.html.erb within layouts/application
  Rendered urls/index.html.erb within layouts/application (Duration: 3.7ms | Allocations: 1386)
Completed 200 OK in 260ms (Views: 234.5ms | ActiveRecord: 7.4ms | Allocations: 293444)


Started POST "/urls" for 127.0.0.1 at 2022-06-11 00:51:20 +0500
Processing by UrlsController#create as HTML
  Parameters: {"utf8"=>"✓", "authenticity_token"=>"iqAZCm27ut70lUjIuj2MlArJHcxQfq5Z8e1wl9EEQ2TWHfCFnyrmylr9Dl8rGfmKsAUysAjeRHToCrv4Z9Bg9A==", "url"=>{"original_url"=>"https://www.raspberrypi-spy.co.uk/2012/06/finding-the-mac-address-of-a-raspberry-pi/"}}
  [1m[36mUrl Exists? (0.9ms)[0m  [1m[34mSELECT 1 AS one FROM "urls" WHERE "urls"."short_url" = $1 LIMIT $2[0m  [["short_url", "RJFZM"], ["LIMIT", 1]]
  ↳ app/controllers/urls_controller.rb:15:in `create'
  [1m[36mCACHE Url Exists? (0.1ms)[0m  [1m[34mSELECT 1 AS one FROM "urls" WHERE "urls"."short_url" = $1 LIMIT $2[0m  [["short_url", "RJFZM"], ["LIMIT", 1]]
  ↳ app/controllers/urls_controller.rb:16:in `create'
  [1m[35m (0.2ms)[0m  [1m[35mBEGIN[0m
  ↳ app/controllers/urls_controller.rb:16:in `create'
  [1m[36mUrl Create (1.8ms)[0m  [1m[32mINSERT INTO "urls" ("created_at", "updated_at", "short_url", "original_url") VALUES ($1, $2, $3, $4) RETURNING "id"[0m  [["created_at", "2022-06-10 19:51:20.715287"], ["updated_at", "2022-06-10 19:51:20.715287"], ["short_url", "RJFZM"], ["original_url", "https://www.raspberrypi-spy.co.uk/2012/06/finding-the-mac-address-of-a-raspberry-pi/"]]
  ↳ app/controllers/urls_controller.rb:16:in `create'
  [1m[35m (2.7ms)[0m  [1m[35mCOMMIT[0m
  ↳ app/controllers/urls_controller.rb:16:in `create'
Redirected to http://127.0.0.1:3000/
Completed 302 Found in 21ms (ActiveRecord: 5.7ms | Allocations: 4924)


Started GET "/" for 127.0.0.1 at 2022-06-11 00:51:20 +0500
Processing by UrlsController#index as HTML
  [1m[36mUrl Load (0.9ms)[0m  [1m[34mSELECT "urls".* FROM "urls" ORDER BY "urls"."id" DESC LIMIT $1[0m  [["LIMIT", 10]]
  ↳ app/controllers/urls_controller.rb:7:in `index'
  Rendering urls/index.html.erb within layouts/application
  Rendered urls/index.html.erb within layouts/application (Duration: 1.3ms | Allocations: 665)
Completed 200 OK in 26ms (Views: 18.0ms | ActiveRecord: 0.9ms | Allocations: 11652)


Started GET "/RJFZM" for 127.0.0.1 at 2022-06-11 00:51:26 +0500
Processing by UrlsController#visit as HTML
  Parameters: {"short_url"=>"RJFZM"}
  [1m[36mUrl Load (0.3ms)[0m  [1m[34mSELECT "urls".* FROM "urls" WHERE "urls"."short_url" = $1 LIMIT $2[0m  [["short_url", "RJFZM"], ["LIMIT", 1]]
  ↳ app/controllers/urls_controller.rb:47:in `visit'
DEPRECATION WARNING: update_attributes is deprecated and will be removed from Rails 6.1 (please, use update instead) (called from visit at /home/oby/Documents/Work/FSL/shortner/app/controllers/urls_controller.rb:49)
  [1m[35m (0.4ms)[0m  [1m[35mBEGIN[0m
  ↳ app/controllers/urls_controller.rb:49:in `visit'
  [1m[36mUrl Exists? (3.7ms)[0m  [1m[34mSELECT 1 AS one FROM "urls" WHERE "urls"."short_url" = $1 AND "urls"."id" != $2 LIMIT $3[0m  [["short_url", "RJFZM"], ["id", 33], ["LIMIT", 1]]
  ↳ app/controllers/urls_controller.rb:49:in `visit'
  [1m[36mUrl Update (1.8ms)[0m  [1m[33mUPDATE "urls" SET "clicks_count" = $1, "updated_at" = $2 WHERE "urls"."id" = $3[0m  [["clicks_count", 1], ["updated_at", "2022-06-10 19:51:26.994336"], ["id", 33]]
  ↳ app/controllers/urls_controller.rb:49:in `visit'
  [1m[35m (0.7ms)[0m  [1m[35mCOMMIT[0m
  ↳ app/controllers/urls_controller.rb:49:in `visit'
  [1m[35m (0.2ms)[0m  [1m[35mBEGIN[0m
  ↳ app/controllers/urls_controller.rb:50:in `visit'
  [1m[36mUrl Load (0.4ms)[0m  [1m[34mSELECT "urls".* FROM "urls" WHERE "urls"."id" = $1 LIMIT $2[0m  [["id", 33], ["LIMIT", 1]]
  ↳ app/controllers/urls_controller.rb:50:in `visit'
  [1m[36mClick Create (2.6ms)[0m  [1m[32mINSERT INTO "clicks" ("created_at", "updated_at", "url_id", "browser", "platform") VALUES ($1, $2, $3, $4, $5) RETURNING "id"[0m  [["created_at", "2022-06-10 19:51:27.045297"], ["updated_at", "2022-06-10 19:51:27.045297"], ["url_id", 33], ["browser", "Firefox"], ["platform", "Generic Linux"]]
  ↳ app/controllers/urls_controller.rb:50:in `visit'
  [1m[35m (1.1ms)[0m  [1m[35mCOMMIT[0m
  ↳ app/controllers/urls_controller.rb:50:in `visit'
Redirected to https://www.raspberrypi-spy.co.uk/2012/06/finding-the-mac-address-of-a-raspberry-pi/
Completed 302 Found in 77ms (ActiveRecord: 15.8ms | Allocations: 14602)


Started GET "/" for 127.0.0.1 at 2022-06-11 00:51:28 +0500
Processing by UrlsController#index as HTML
  [1m[36mUrl Load (0.3ms)[0m  [1m[34mSELECT "urls".* FROM "urls" ORDER BY "urls"."id" DESC LIMIT $1[0m  [["LIMIT", 10]]
  ↳ app/controllers/urls_controller.rb:7:in `index'
  Rendering urls/index.html.erb within layouts/application
  Rendered urls/index.html.erb within layouts/application (Duration: 2.5ms | Allocations: 654)
Completed 200 OK in 50ms (Views: 47.9ms | ActiveRecord: 0.3ms | Allocations: 11648)


Started GET "/urls/RJFZM" for 127.0.0.1 at 2022-06-11 00:51:30 +0500
Processing by UrlsController#show as HTML
  Parameters: {"url"=>"RJFZM"}
  [1m[36mUrl Load (0.7ms)[0m  [1m[34mSELECT "urls".* FROM "urls" WHERE "urls"."short_url" = $1 LIMIT $2[0m  [["short_url", "RJFZM"], ["LIMIT", 1]]
  ↳ app/controllers/urls_controller.rb:32:in `show'
  [1m[35m (0.4ms)[0m  [1m[34mSELECT "clicks"."created_at" FROM "clicks" WHERE "clicks"."url_id" = $1[0m  [["url_id", 33]]
  ↳ app/controllers/urls_controller.rb:35:in `show'
  [1m[35m (0.5ms)[0m  [1m[34mSELECT "clicks"."browser" FROM "clicks" WHERE "clicks"."url_id" = $1[0m  [["url_id", 33]]
  ↳ app/controllers/urls_controller.rb:37:in `show'
  [1m[35m (0.3ms)[0m  [1m[34mSELECT "clicks"."platform" FROM "clicks" WHERE "clicks"."url_id" = $1[0m  [["url_id", 33]]
  ↳ app/controllers/urls_controller.rb:39:in `show'
  Rendering urls/show.html.erb within layouts/application
  Rendered urls/show.html.erb within layouts/application (Duration: 3.2ms | Allocations: 769)
Completed 200 OK in 41ms (Views: 25.0ms | ActiveRecord: 1.9ms | Allocations: 13533)


Started GET "/urls/RJFZM" for 127.0.0.1 at 2022-06-11 00:51:42 +0500
Processing by UrlsController#show as HTML
  Parameters: {"url"=>"RJFZM"}
  [1m[36mUrl Load (0.3ms)[0m  [1m[34mSELECT "urls".* FROM "urls" WHERE "urls"."short_url" = $1 LIMIT $2[0m  [["short_url", "RJFZM"], ["LIMIT", 1]]
  ↳ app/controllers/urls_controller.rb:32:in `show'
  [1m[35m (0.2ms)[0m  [1m[34mSELECT "clicks"."created_at" FROM "clicks" WHERE "clicks"."url_id" = $1[0m  [["url_id", 33]]
  ↳ app/controllers/urls_controller.rb:35:in `show'
  [1m[35m (0.2ms)[0m  [1m[34mSELECT "clicks"."browser" FROM "clicks" WHERE "clicks"."url_id" = $1[0m  [["url_id", 33]]
  ↳ app/controllers/urls_controller.rb:37:in `show'
  [1m[35m (0.2ms)[0m  [1m[34mSELECT "clicks"."platform" FROM "clicks" WHERE "clicks"."url_id" = $1[0m  [["url_id", 33]]
  ↳ app/controllers/urls_controller.rb:39:in `show'
  Rendering urls/show.html.erb within layouts/application
  Rendered urls/show.html.erb within layouts/application (Duration: 0.4ms | Allocations: 150)
Completed 200 OK in 13ms (Views: 7.8ms | ActiveRecord: 1.0ms | Allocations: 12744)


Started GET "/urls/RJFZM" for 127.0.0.1 at 2022-06-11 00:51:52 +0500
Processing by UrlsController#show as HTML
  Parameters: {"url"=>"RJFZM"}
  [1m[36mUrl Load (0.2ms)[0m  [1m[34mSELECT "urls".* FROM "urls" WHERE "urls"."short_url" = $1 LIMIT $2[0m  [["short_url", "RJFZM"], ["LIMIT", 1]]
  ↳ app/controllers/urls_controller.rb:32:in `show'
  [1m[35m (0.2ms)[0m  [1m[34mSELECT "clicks"."created_at" FROM "clicks" WHERE "clicks"."url_id" = $1[0m  [["url_id", 33]]
  ↳ app/controllers/urls_controller.rb:35:in `show'
  [1m[35m (0.2ms)[0m  [1m[34mSELECT "clicks"."browser" FROM "clicks" WHERE "clicks"."url_id" = $1[0m  [["url_id", 33]]
  ↳ app/controllers/urls_controller.rb:37:in `show'
  [1m[35m (0.2ms)[0m  [1m[34mSELECT "clicks"."platform" FROM "clicks" WHERE "clicks"."url_id" = $1[0m  [["url_id", 33]]
  ↳ app/controllers/urls_controller.rb:39:in `show'
  Rendering urls/show.html.erb within layouts/application
  Rendered urls/show.html.erb within layouts/application (Duration: 0.4ms | Allocations: 148)
Completed 200 OK in 16ms (Views: 10.8ms | ActiveRecord: 0.9ms | Allocations: 12722)


  [1m[36mClick Load (0.3ms)[0m  [1m[34mSELECT "clicks".* FROM "clicks" ORDER BY "clicks"."id" DESC LIMIT $1[0m  [["LIMIT", 1]]
  [1m[36mUrl Load (0.4ms)[0m  [1m[34mSELECT "urls".* FROM "urls" ORDER BY "urls"."id" DESC LIMIT $1[0m  [["LIMIT", 1]]
Started GET "/" for 127.0.0.1 at 2022-06-11 00:52:31 +0500
  [1m[35m (0.6ms)[0m  [1m[34mSELECT "schema_migrations"."version" FROM "schema_migrations" ORDER BY "schema_migrations"."version" ASC[0m
Processing by UrlsController#index as HTML
  [1m[36mUrl Load (0.5ms)[0m  [1m[34mSELECT "urls".* FROM "urls" ORDER BY "urls"."id" DESC LIMIT $1[0m  [["LIMIT", 10]]
  ↳ app/controllers/urls_controller.rb:7:in `index'
  Rendering urls/index.html.erb within layouts/application
  Rendered urls/index.html.erb within layouts/application (Duration: 4.1ms | Allocations: 1371)
Completed 200 OK in 246ms (Views: 218.7ms | ActiveRecord: 4.5ms | Allocations: 293437)


Started GET "/urls/GDMKQ" for 127.0.0.1 at 2022-06-11 00:52:34 +0500
Processing by UrlsController#show as HTML
  Parameters: {"url"=>"GDMKQ"}
  [1m[36mUrl Load (0.5ms)[0m  [1m[34mSELECT "urls".* FROM "urls" WHERE "urls"."short_url" = $1 LIMIT $2[0m  [["short_url", "GDMKQ"], ["LIMIT", 1]]
  ↳ app/controllers/urls_controller.rb:32:in `show'
  [1m[35m (0.7ms)[0m  [1m[34mSELECT "clicks"."created_at" FROM "clicks" WHERE "clicks"."url_id" = $1[0m  [["url_id", 31]]
  ↳ app/controllers/urls_controller.rb:35:in `show'
  [1m[35m (0.4ms)[0m  [1m[34mSELECT "clicks"."browser" FROM "clicks" WHERE "clicks"."url_id" = $1[0m  [["url_id", 31]]
  ↳ app/controllers/urls_controller.rb:37:in `show'
  [1m[35m (0.4ms)[0m  [1m[34mSELECT "clicks"."platform" FROM "clicks" WHERE "clicks"."url_id" = $1[0m  [["url_id", 31]]
  ↳ app/controllers/urls_controller.rb:39:in `show'
  Rendering urls/show.html.erb within layouts/application
  Rendered urls/show.html.erb within layouts/application (Duration: 2.2ms | Allocations: 776)
Completed 200 OK in 42ms (Views: 17.5ms | ActiveRecord: 3.8ms | Allocations: 15460)


Started GET "/urls/GDMKQ" for 127.0.0.1 at 2022-06-11 00:53:33 +0500
  [1m[35m (0.5ms)[0m  [1m[34mSELECT "schema_migrations"."version" FROM "schema_migrations" ORDER BY "schema_migrations"."version" ASC[0m
Processing by UrlsController#show as HTML
  Parameters: {"url"=>"GDMKQ"}
  [1m[36mUrl Load (0.4ms)[0m  [1m[34mSELECT "urls".* FROM "urls" WHERE "urls"."short_url" = $1 LIMIT $2[0m  [["short_url", "GDMKQ"], ["LIMIT", 1]]
  ↳ app/controllers/urls_controller.rb:32:in `show'
  [1m[35m (0.4ms)[0m  [1m[34mSELECT "clicks"."created_at" FROM "clicks" WHERE "clicks"."url_id" = $1[0m  [["url_id", 31]]
  ↳ (byebug):1:in `show'
  [1m[35m (0.3ms)[0m  [1m[34mSELECT "clicks"."browser" FROM "clicks" WHERE "clicks"."url_id" = $1[0m  [["url_id", 31]]
  ↳ (byebug):1:in `show'
  [1m[35m (0.3ms)[0m  [1m[34mSELECT "clicks"."platform" FROM "clicks" WHERE "clicks"."url_id" = $1[0m  [["url_id", 31]]
  ↳ (byebug):1:in `show'
  [1m[35mCACHE  (0.0ms)[0m  [1m[34mSELECT "clicks"."created_at" FROM "clicks" WHERE "clicks"."url_id" = $1[0m  [["url_id", 31]]
  ↳ app/controllers/urls_controller.rb:36:in `show'
  [1m[35mCACHE  (0.0ms)[0m  [1m[34mSELECT "clicks"."browser" FROM "clicks" WHERE "clicks"."url_id" = $1[0m  [["url_id", 31]]
  ↳ app/controllers/urls_controller.rb:38:in `show'
  [1m[35mCACHE  (0.0ms)[0m  [1m[34mSELECT "clicks"."platform" FROM "clicks" WHERE "clicks"."url_id" = $1[0m  [["url_id", 31]]
  ↳ app/controllers/urls_controller.rb:40:in `show'
  Rendering urls/show.html.erb within layouts/application
  Rendered urls/show.html.erb within layouts/application (Duration: 1.3ms | Allocations: 894)
Completed 200 OK in 81379ms (Views: 189.7ms | ActiveRecord: 6.6ms | Allocations: 352399)


Started GET "/urls/GDMKQ" for 127.0.0.1 at 2022-06-11 00:55:46 +0500
  [1m[35m (1.1ms)[0m  [1m[34mSELECT "schema_migrations"."version" FROM "schema_migrations" ORDER BY "schema_migrations"."version" ASC[0m
Processing by UrlsController#show as HTML
  Parameters: {"url"=>"GDMKQ"}
  [1m[36mUrl Load (0.5ms)[0m  [1m[34mSELECT "urls".* FROM "urls" WHERE "urls"."short_url" = $1 LIMIT $2[0m  [["short_url", "GDMKQ"], ["LIMIT", 1]]
  ↳ app/controllers/urls_controller.rb:32:in `show'
  [1m[35m (0.3ms)[0m  [1m[34mSELECT "clicks"."created_at" FROM "clicks" WHERE "clicks"."url_id" = $1[0m  [["url_id", 31]]
  ↳ app/controllers/urls_controller.rb:35:in `show'
  [1m[35m (0.3ms)[0m  [1m[34mSELECT "clicks"."browser" FROM "clicks" WHERE "clicks"."url_id" = $1[0m  [["url_id", 31]]
  ↳ app/controllers/urls_controller.rb:37:in `show'
  [1m[35m (0.3ms)[0m  [1m[34mSELECT "clicks"."platform" FROM "clicks" WHERE "clicks"."url_id" = $1[0m  [["url_id", 31]]
  ↳ app/controllers/urls_controller.rb:39:in `show'
  Rendering urls/show.html.erb within layouts/application
  Rendered urls/show.html.erb within layouts/application (Duration: 2.1ms | Allocations: 905)
Completed 200 OK in 16922ms (Views: 134.3ms | ActiveRecord: 6.6ms | Allocations: 344219)


Started GET "/urls/GDMKQ" for 127.0.0.1 at 2022-06-11 00:57:25 +0500
  [1m[35m (0.6ms)[0m  [1m[34mSELECT "schema_migrations"."version" FROM "schema_migrations" ORDER BY "schema_migrations"."version" ASC[0m
Processing by UrlsController#show as HTML
  Parameters: {"url"=>"GDMKQ"}
  [1m[36mUrl Load (0.5ms)[0m  [1m[34mSELECT "urls".* FROM "urls" WHERE "urls"."short_url" = $1 LIMIT $2[0m  [["short_url", "GDMKQ"], ["LIMIT", 1]]
  ↳ app/controllers/urls_controller.rb:32:in `show'
  [1m[35m (0.3ms)[0m  [1m[34mSELECT "clicks"."created_at" FROM "clicks" WHERE "clicks"."url_id" = $1[0m  [["url_id", 31]]
  ↳ app/controllers/urls_controller.rb:35:in `show'
  [1m[35m (0.3ms)[0m  [1m[34mSELECT "clicks"."browser" FROM "clicks" WHERE "clicks"."url_id" = $1[0m  [["url_id", 31]]
  ↳ app/controllers/urls_controller.rb:37:in `show'
  [1m[35m (0.2ms)[0m  [1m[34mSELECT "clicks"."platform" FROM "clicks" WHERE "clicks"."url_id" = $1[0m  [["url_id", 31]]
  ↳ app/controllers/urls_controller.rb:39:in `show'
  Rendering urls/show.html.erb within layouts/application
  Rendered urls/show.html.erb within layouts/application (Duration: 2.1ms | Allocations: 905)
Completed 200 OK in 57586ms (Views: 112.7ms | ActiveRecord: 6.3ms | Allocations: 353247)


Started GET "/urls/GDMKQ" for 127.0.0.1 at 2022-06-11 00:58:25 +0500
Processing by UrlsController#show as HTML
  Parameters: {"url"=>"GDMKQ"}
  [1m[36mUrl Load (0.5ms)[0m  [1m[34mSELECT "urls".* FROM "urls" WHERE "urls"."short_url" = $1 LIMIT $2[0m  [["short_url", "GDMKQ"], ["LIMIT", 1]]
  ↳ app/controllers/urls_controller.rb:32:in `show'
  [1m[35m (0.3ms)[0m  [1m[34mSELECT "clicks"."created_at" FROM "clicks" WHERE "clicks"."url_id" = $1[0m  [["url_id", 31]]
  ↳ app/controllers/urls_controller.rb:35:in `show'
  [1m[35m (0.4ms)[0m  [1m[34mSELECT "clicks"."browser" FROM "clicks" WHERE "clicks"."url_id" = $1[0m  [["url_id", 31]]
  ↳ app/controllers/urls_controller.rb:37:in `show'
  [1m[35m (0.2ms)[0m  [1m[34mSELECT "clicks"."platform" FROM "clicks" WHERE "clicks"."url_id" = $1[0m  [["url_id", 31]]
  ↳ app/controllers/urls_controller.rb:39:in `show'
  Rendering urls/show.html.erb within layouts/application
  Rendered urls/show.html.erb within layouts/application (Duration: 1.0ms | Allocations: 465)
Started GET "/urls/GDMKQ" for 127.0.0.1 at 2022-06-11 00:59:57 +0500
Completed 200 OK in 92122ms (Views: 16.1ms | ActiveRecord: 6.5ms | Allocations: 34665)


Processing by UrlsController#show as HTML
  Parameters: {"url"=>"GDMKQ"}
  [1m[36mUrl Load (0.3ms)[0m  [1m[34mSELECT "urls".* FROM "urls" WHERE "urls"."short_url" = $1 LIMIT $2[0m  [["short_url", "GDMKQ"], ["LIMIT", 1]]
  ↳ app/controllers/urls_controller.rb:32:in `show'
  [1m[35m (0.3ms)[0m  [1m[34mSELECT "clicks"."created_at" FROM "clicks" WHERE "clicks"."url_id" = $1[0m  [["url_id", 31]]
  ↳ app/controllers/urls_controller.rb:35:in `show'
  [1m[35m (0.7ms)[0m  [1m[34mSELECT "clicks"."browser" FROM "clicks" WHERE "clicks"."url_id" = $1[0m  [["url_id", 31]]
  ↳ app/controllers/urls_controller.rb:37:in `show'
  [1m[35m (0.2ms)[0m  [1m[34mSELECT "clicks"."platform" FROM "clicks" WHERE "clicks"."url_id" = $1[0m  [["url_id", 31]]
  ↳ app/controllers/urls_controller.rb:39:in `show'
  Rendering urls/show.html.erb within layouts/application
  Rendered urls/show.html.erb within layouts/application (Duration: 0.8ms | Allocations: 465)
Completed 200 OK in 5702ms (Views: 9.0ms | ActiveRecord: 5.6ms | Allocations: 26836)


